<?xml version="1.0" encoding="UTF-8"?>
<testsuite xmlns:xsi="http://www.w3.org/2001/XMLSchema-instance" xsi:noNamespaceSchemaLocation="https://maven.apache.org/surefire/maven-surefire-plugin/xsd/surefire-test-report-3.0.xsd" version="3.0" name="TestSuite" time="14.101" tests="18" errors="0" skipped="0" failures="3">
  <properties>
[...]
</properties>
  <testcase name="testCreateStandingOrderWithValidData" classname="com.mlx.api.tests.MLXCreateOrderTest" time="1.27">
    <system-out><![CDATA[Request method:	POST
Request URI:	https://staging-api-mlx.labsquire.com/users/login
Proxy:			<none>
Request params:	<none>
Query params:	<none>
Form params:	<none>
Path params:	<none>
Headers:		accept=application/json, text/plain, */*
				accept-language=en-GB,en;q=0.9,en-US;q=0.8,en-IN;q=0.7
				origin=https://staging-mlx.labsquire.com
				priority=u=1, i
				referer=https://staging-mlx.labsquire.com/
				sec-ch-ua="Microsoft Edge";v="143", "Chromium";v="143", "Not A(Brand";v="24"
				sec-ch-ua-mobile=?0
				sec-ch-ua-platform="Windows"
				sec-fetch-dest=empty
				sec-fetch-mode=cors
				sec-fetch-site=same-site
				user-agent=Mozilla/5.0 (Windows NT 10.0; Win64; x64) AppleWebKit/537.36 (KHTML, like Gecko) Chrome/143.0.0.0 Safari/537.36 Edg/143.0.0.0
				Content-Type=application/json
Cookies:		<none>
Multiparts:		<none>
Body:
{
    "password": "123456",
    "application_type": "web",
    "email": "automationtesting@test.com"
}
HTTP/1.1 200 OK
Date: Thu, 08 Jan 2026 13:53:39 GMT
Content-Type: application/json; charset=utf-8
Transfer-Encoding: chunked
Connection: keep-alive
Server: cloudflare
Nel: {"report_to":"cf-nel","success_fraction":0.0,"max_age":604800}
X-Powered-By: Express
Access-Control-Allow-Origin: *
ETag: W/"322-TWF8ZRCi+00p2AJLsxHEmJOUcUY"
cf-cache-status: DYNAMIC
Report-To: {"group":"cf-nel","max_age":604800,"endpoints":[{"url":"https://a.nel.cloudflare.com/report/v4?s=sVfT4QHmfrjrbesIhoNUHXP6HMCdi58RxL%2FE2raN7QDyuei8COngoBY7FMRZWpA8DYFSFb7z8RXf2X4L4c4fOFOKnRx4E0cvke%2FeNwl2U6CELP7bCFP3Apq0yA%3D%3D"}]}
Content-Encoding: gzip
CF-RAY: 9bac2ea6ee089144-MAA
alt-svc: h3=":443"; ma=86400

{
    "status": 200,
    "success": true,
    "message": "Login successful",
    "data": {
        "user": {
            "_id": "695e8dde291856476f4875fb",
            "first_name": "Automation",
            "last_name": "Testing",
            "email": "automationtesting@test.com",
            "phone": "9876543214",
            "status": "ACTIVE",
            "user_type": "LAB SUPER ADMIN",
            "dob": "01-16-1997",
            "gender": "MALE",
            "available_days": [
                
            ],
            "lab": "695280166449516603ba3d76",
            "remarks": [
                
            ],
            "created_at": "2026-01-07T16:46:22.025Z",
            "updated_at": "2026-01-08T13:43:29.767Z",
            "__v": 0,
            "last_login": "2026-01-08T13:43:29.767Z",
            "login_count": 17,
            "password_expired_at": null
        },
        "token": "eyJhbGciOiJIUzI1NiIsInR5cCI6IkpXVCJ9.eyJzdWIiOiI2OTVlOGRkZTI5MTg1NjQ3NmY0ODc1ZmIiLCJlbWFpbCI6ImF1dG9tYXRpb250ZXN0aW5nQHRlc3QuY29tIiwicm9sZSI6IkxBQiBTVVBFUiBBRE1JTiIsImlhdCI6MTc2Nzg4MDQxOSwiZXhwIjoxNzY3OTEyODE5fQ.hiQKrWgwLOL9xUN9c9uYQ56FFnAclhKFtfwxJ6i3NcA"
    }
}
Request method:	POST
Request URI:	https://staging-api-mlx.labsquire.com/orders/saveOrder
Proxy:			<none>
Request params:	<none>
Query params:	<none>
Form params:	<none>
Path params:	<none>
Headers:		accept=application/json, text/plain, */*
				accept-language=en-GB,en;q=0.9,en-US;q=0.8,en-IN;q=0.7
				authorization=Bearer eyJhbGciOiJIUzI1NiIsInR5cCI6IkpXVCJ9.eyJzdWIiOiI2OTVlOGRkZTI5MTg1NjQ3NmY0ODc1ZmIiLCJlbWFpbCI6ImF1dG9tYXRpb250ZXN0aW5nQHRlc3QuY29tIiwicm9sZSI6IkxBQiBTVVBFUiBBRE1JTiIsImlhdCI6MTc2Nzg4MDQxOSwiZXhwIjoxNzY3OTEyODE5fQ.hiQKrWgwLOL9xUN9c9uYQ56FFnAclhKFtfwxJ6i3NcA
				origin=https://staging-mlx.labsquire.com
				priority=u=1, i
				referer=https://staging-mlx.labsquire.com/
				sec-ch-ua="Microsoft Edge";v="143", "Chromium";v="143", "Not A(Brand";v="24"
				sec-ch-ua-mobile=?0
				sec-ch-ua-platform="Windows"
				sec-fetch-dest=empty
				sec-fetch-mode=cors
				sec-fetch-site=same-site
				user-agent=Mozilla/5.0 (Windows NT 10.0; Win64; x64) AppleWebKit/537.36 (KHTML, like Gecko) Chrome/143.0.0.0 Safari/537.36 Edg/143.0.0.0
				user_id=695e8dde291856476f4875fb
				Content-Type=application/json
Cookies:		<none>
Multiparts:		<none>
Body:
{
    "appointment_time": "",
    "facility_account_number": "TG8565327",
    "fasting": true,
    "services": [
        "STOOL SPECIMEN PICKUP"
    ],
    "standing_start_date": "01-09-2026",
    "order_codes": [
        "RPP COVID19"
    ],
    "service_address": {
        "zip": "92220",
        "city": "WEST SALVATORE",
        "address_line_1": "6217 Solomon Extensions",
        "state": "NORTH CAROLINA"
    },
    "standing_end_date": "01-12-2026",
    "icd_10_codes": [
        "A21.8",
        "A04.9"
    ],
    "standing_frequency": "DAILY",
    "tube_data": [
        {
            "tube_name": "NASAL SWAB",
            "tube_count": 1
        }
    ],
    "is_stat": false,
    "billing_type": "CLIENT",
    "physician_npi": "1093767972",
    "service_address_string": "6217 Solomon Extensions WEST SALVATORE NORTH CAROLINA 92220",
    "patient_data": {
        "mobile_number1": "9544388960",
        "hardstick": false,
        "addresses": [
            {
                "zip": "92220",
                "city": "WEST SALVATORE",
                "address_line_1": "6217 Solomon Extensions",
                "state": "NORTH CAROLINA"
            }
        ],
        "gender": "FEMALE",
        "ethnicity": "OTHER",
        "race": "OTHER",
        "date_of_birth": "08-23-1998",
        "homebound": false,
        "last_name": "Upton",
        "first_name": "Kristopher",
        "email": "kristopher.upton@test.com"
    },
    "date_of_service": "01-13-2026",
    "order_type": "STANDING ORDER"
}
HTTP/1.1 201 Created
Date: Thu, 08 Jan 2026 13:53:40 GMT
Content-Type: application/json; charset=utf-8
Content-Length: 8869
Connection: keep-alive
Server: cloudflare
Nel: {"report_to":"cf-nel","success_fraction":0.0,"max_age":604800}
X-Powered-By: Express
Access-Control-Allow-Origin: *
ETag: W/"22a5-Hnn5uM/zJotkH6oR9tnqpVivh2Y"
cf-cache-status: DYNAMIC
Report-To: {"group":"cf-nel","max_age":604800,"endpoints":[{"url":"https://a.nel.cloudflare.com/report/v4?s=lGjWKtBNLFrCg%2FB1ubE727v0fqJOaswfVGYf4%2FA6Do%2FXBmAtN1MpEgWiUGnPOVoBBn3UcNX1FAQTFijHlSoCBoDzoAp9uWdP3ml4a0kPoMTN%2FQRkRpshSDYyUQ%3D%3D"}]}
CF-RAY: 9bac2eb0ac0c0698-MAA
alt-svc: h3=":443"; ma=86400

{
    "status": 201,
    "success": true,
    "message": "Standing order created successfully",
    "data": {
        "total_orders_created": 4,
        "total_service_dates": 4,
        "orders": [
            {
                "order_codes": [
                    "RPP COVID19"
                ],
                "facility_account_number": "TG8565327",
                "physician_npi": "1093767972",
                "order_type": "MLX",
                "order_id": "TGO-260108117",
                "billing_type": "CLIENT",
                "icd_10_codes": [
                    "A21.8",
                    "A04.9"
                ],
                "status": "ACTIVE",
                "sample_collection_status": "PENDING",
                "patient_info": {
                    "first_name": "Kristopher",
                    "last_name": "Upton",
                    "gender": "FEMALE",
                    "date_of_birth": "08-23-1998",
                    "email": "kristopher.upton@test.com",
                    "mobile_number1": "9544388960",
                    "addresses": [
                        {
                            "address_line_1": "6217 Solomon Extensions",
                            "city": "WEST SALVATORE",
                            "state": "NORTH CAROLINA",
                            "zip": "92220"
                        }
                    ],
                    "race": "OTHER",
                    "ethnicity": "OTHER",
                    "homebound": false,
                    "hardstick": false,
                    "_id": "695fb6e4b514fd6939a1c2eb",
                    "created_at": "2026-01-08T13:53:40.097Z",
                    "updated_at": "2026-01-08T13:53:40.097Z",
                    "__v": 0
                },
                "is_stat": false,
                "order_placed_at": "2026-01-08T13:53:40.298Z",
                "is_phlebo_order": true,
                "fasting": true,
                "phlebo_details": "695fb6e4b514fd6939a1c2ee",
                "_id": "695fb6e4b514fd6939a1c2f1",
                "created_at": "2026-01-08T13:53:40.300Z",
                "updated_at": "2026-01-08T13:53:40.300Z",
                "__v": 0,
                "id": "695fb6e4b514fd6939a1c2f1",
                "phlebo_order": {
                    "phlebo_order_id": "MLX-260108117",
                    "test_data": [
                        
                    ],
                    "order_type": "STANDING ORDER",
                    "date_of_service": "01-09-2026",
                    "appointment_time": "",
                    "admin_notes": [
                        
                    ],
                    "attachments": [
                        
                    ],
                    "service_address": {
                        "address_line_1": "6217 Solomon Extensions",
                        "city": "WEST SALVATORE",
                        "state": "NORTH CAROLINA",
                        "zip": "92220"
                    },
                    "services": [
                        "STOOL SPECIMEN PICKUP"
                    ],
                    "reasons": [
                        
                    ],
                    "standing_start_date": "2026-01-09T00:00:00.000Z",
                    "standing_end_date": "2026-01-12T00:00:00.000Z",
                    "standing_frequency": "DAILY",
                    "technician_id": null,
                    "phlebo_status_history": [
                        {
                            "technician_id": null,
                            "tech_name": "",
                            "status": "PENDING",
                            "labtests_collected": [
                                
                            ],
                            "return_visit_tests": [
                                
                            ],
                            "reasons": [
                                
                            ],
                            "auto_drop_off": false,
                            "created_at": "2026-01-08T13:53:40.286Z",
                            "tubes_collected": [
                                
                            ]
                        }
                    ],
                    "patient_confirmation_status": "PENDING",
                    "service_latitude": 35.7595731,
                    "service_longitude": -79.01929969999999,
                    "tube_data": [
                        {
                            "tube_name": "NASAL SWAB",
                            "tube_count": 1
                        }
                    ],
                    "tat": "",
                    "_id": "695fb6e4b514fd6939a1c2ee",
                    "created_at": "2026-01-08T13:53:40.288Z",
                    "updated_at": "2026-01-08T13:53:40.288Z",
                    "__v": 0
                },
                "service_date": "01-09-2026",
                "mlx_order_id": "MLX-260108117"
            },
            {
                "order_codes": [
                    "RPP COVID19"
                ],
                "facility_account_number": "TG8565327",
                "physician_npi": "1093767972",
                "order_type": "MLX",
                "order_id": "TGO-260108118",
                "billing_type": "CLIENT",
                "icd_10_codes": [
                    "A21.8",
                    "A04.9"
                ],
                "status": "ACTIVE",
                "sample_collection_status": "PENDING",
                "patient_info": {
                    "first_name": "Kristopher",
                    "last_name": "Upton",
                    "gender": "FEMALE",
                    "date_of_birth": "08-23-1998",
                    "email": "kristopher.upton@test.com",
                    "mobile_number1": "9544388960",
                    "addresses": [
                        {
                            "address_line_1": "6217 Solomon Extensions",
                            "city": "WEST SALVATORE",
                            "state": "NORTH CAROLINA",
                            "zip": "92220"
                        }
                    ],
                    "race": "OTHER",
                    "ethnicity": "OTHER",
                    "homebound": false,
                    "hardstick": false,
                    "_id": "695fb6e4b514fd6939a1c2eb",
                    "created_at": "2026-01-08T13:53:40.097Z",
                    "updated_at": "2026-01-08T13:53:40.097Z",
                    "__v": 0
                },
                "is_stat": false,
                "order_placed_at": "2026-01-08T13:53:40.334Z",
                "is_phlebo_order": true,
                "fasting": true,
                "phlebo_details": "695fb6e4b514fd6939a1c2f4",
                "_id": "695fb6e4b514fd6939a1c2f7",
                "created_at": "2026-01-08T13:53:40.336Z",
                "updated_at": "2026-01-08T13:53:40.336Z",
                "__v": 0,
                "id": "695fb6e4b514fd6939a1c2f7",
                "phlebo_order": {
                    "phlebo_order_id": "MLX-260108118",
                    "test_data": [
                        
                    ],
                    "order_type": "STANDING ORDER",
                    "date_of_service": "01-10-2026",
                    "appointment_time": "",
                    "admin_notes": [
                        
                    ],
                    "attachments": [
                        
                    ],
                    "service_address": {
                        "address_line_1": "6217 Solomon Extensions",
                        "city": "WEST SALVATORE",
                        "state": "NORTH CAROLINA",
                        "zip": "92220"
                    },
                    "services": [
                        "STOOL SPECIMEN PICKUP"
                    ],
                    "reasons": [
                        
                    ],
                    "standing_start_date": "2026-01-09T00:00:00.000Z",
                    "standing_end_date": "2026-01-12T00:00:00.000Z",
                    "standing_frequency": "DAILY",
                    "technician_id": null,
                    "phlebo_status_history": [
                        {
                            "technician_id": null,
                            "tech_name": "",
                            "status": "PENDING",
                            "labtests_collected": [
                                
                            ],
                            "return_visit_tests": [
                                
                            ],
                            "reasons": [
                                
                            ],
                            "auto_drop_off": false,
                            "created_at": "2026-01-08T13:53:40.310Z",
                            "tubes_collected": [
                                
                            ]
                        }
                    ],
                    "patient_confirmation_status": "PENDING",
                    "service_latitude": 35.7595731,
                    "service_longitude": -79.01929969999999,
                    "tube_data": [
                        {
                            "tube_name": "NASAL SWAB",
                            "tube_count": 1
                        }
                    ],
                    "tat": "",
                    "_id": "695fb6e4b514fd6939a1c2f4",
                    "created_at": "2026-01-08T13:53:40.312Z",
                    "updated_at": "2026-01-08T13:53:40.312Z",
                    "__v": 0
                },
                "service_date": "01-10-2026",
                "mlx_order_id": "MLX-260108118"
            },
            {
                "order_codes": [
                    "RPP COVID19"
                ],
                "facility_account_number": "TG8565327",
                "physician_npi": "1093767972",
                "order_type": "MLX",
                "order_id": "TGO-260108119",
                "billing_type": "CLIENT",
                "icd_10_codes": [
                    "A21.8",
                    "A04.9"
                ],
                "status": "ACTIVE",
                "sample_collection_status": "PENDING",
                "patient_info": {
                    "first_name": "Kristopher",
                    "last_name": "Upton",
                    "gender": "FEMALE",
                    "date_of_birth": "08-23-1998",
                    "email": "kristopher.upton@test.com",
                    "mobile_number1": "9544388960",
                    "addresses": [
                        {
                            "address_line_1": "6217 Solomon Extensions",
                            "city": "WEST SALVATORE",
                            "state": "NORTH CAROLINA",
                            "zip": "92220"
                        }
                    ],
                    "race": "OTHER",
                    "ethnicity": "OTHER",
                    "homebound": false,
                    "hardstick": false,
                    "_id": "695fb6e4b514fd6939a1c2eb",
                    "created_at": "2026-01-08T13:53:40.097Z",
                    "updated_at": "2026-01-08T13:53:40.097Z",
                    "__v": 0
                },
                "is_stat": false,
                "order_placed_at": "2026-01-08T13:53:40.358Z",
                "is_phlebo_order": true,
                "fasting": true,
                "phlebo_details": "695fb6e4b514fd6939a1c2fa",
                "_id": "695fb6e4b514fd6939a1c2fd",
                "created_at": "2026-01-08T13:53:40.359Z",
                "updated_at": "2026-01-08T13:53:40.359Z",
                "__v": 0,
                "id": "695fb6e4b514fd6939a1c2fd",
                "phlebo_order": {
                    "phlebo_order_id": "MLX-260108119",
                    "test_data": [
                        
                    ],
                    "order_type": "STANDING ORDER",
                    "date_of_service": "01-11-2026",
                    "appointment_time": "",
                    "admin_notes": [
                        
                    ],
                    "attachments": [
                        
                    ],
                    "service_address": {
                        "address_line_1": "6217 Solomon Extensions",
                        "city": "WEST SALVATORE",
                        "state": "NORTH CAROLINA",
                        "zip": "92220"
                    },
                    "services": [
                        "STOOL SPECIMEN PICKUP"
                    ],
                    "reasons": [
                        
                    ],
                    "standing_start_date": "2026-01-09T00:00:00.000Z",
                    "standing_end_date": "2026-01-12T00:00:00.000Z",
                    "standing_frequency": "DAILY",
                    "technician_id": null,
                    "phlebo_status_history": [
                        {
                            "technician_id": null,
                            "tech_name": "",
                            "status": "PENDING",
                            "labtests_collected": [
                                
                            ],
                            "return_visit_tests": [
                                
                            ],
                            "reasons": [
                                
                            ],
                            "auto_drop_off": false,
                            "created_at": "2026-01-08T13:53:40.346Z",
                            "tubes_collected": [
                                
                            ]
                        }
                    ],
                    "patient_confirmation_status": "PENDING",
                    "service_latitude": 35.7595731,
                    "service_longitude": -79.01929969999999,
                    "tube_data": [
                        {
                            "tube_name": "NASAL SWAB",
                            "tube_count": 1
                        }
                    ],
                    "tat": "",
                    "_id": "695fb6e4b514fd6939a1c2fa",
                    "created_at": "2026-01-08T13:53:40.348Z",
                    "updated_at": "2026-01-08T13:53:40.348Z",
                    "__v": 0
                },
                "service_date": "01-11-2026",
                "mlx_order_id": "MLX-260108119"
            },
            {
                "order_codes": [
                    "RPP COVID19"
                ],
                "facility_account_number": "TG8565327",
                "physician_npi": "1093767972",
                "order_type": "MLX",
                "order_id": "TGO-260108120",
                "billing_type": "CLIENT",
                "icd_10_codes": [
                    "A21.8",
                    "A04.9"
                ],
                "status": "ACTIVE",
                "sample_collection_status": "PENDING",
                "patient_info": {
                    "first_name": "Kristopher",
                    "last_name": "Upton",
                    "gender": "FEMALE",
                    "date_of_birth": "08-23-1998",
                    "email": "kristopher.upton@test.com",
                    "mobile_number1": "9544388960",
                    "addresses": [
                        {
                            "address_line_1": "6217 Solomon Extensions",
                            "city": "WEST SALVATORE",
                            "state": "NORTH CAROLINA",
                            "zip": "92220"
                        }
                    ],
                    "race": "OTHER",
                    "ethnicity": "OTHER",
                    "homebound": false,
                    "hardstick": false,
                    "_id": "695fb6e4b514fd6939a1c2eb",
                    "created_at": "2026-01-08T13:53:40.097Z",
                    "updated_at": "2026-01-08T13:53:40.097Z",
                    "__v": 0
                },
                "is_stat": false,
                "order_placed_at": "2026-01-08T13:53:40.381Z",
                "is_phlebo_order": true,
                "fasting": true,
                "phlebo_details": "695fb6e4b514fd6939a1c300",
                "_id": "695fb6e4b514fd6939a1c303",
                "created_at": "2026-01-08T13:53:40.382Z",
                "updated_at": "2026-01-08T13:53:40.382Z",
                "__v": 0,
                "id": "695fb6e4b514fd6939a1c303",
                "phlebo_order": {
                    "phlebo_order_id": "MLX-260108120",
                    "test_data": [
                        
                    ],
                    "order_type": "STANDING ORDER",
                    "date_of_service": "01-12-2026",
                    "appointment_time": "",
                    "admin_notes": [
                        
                    ],
                    "attachments": [
                        
                    ],
                    "service_address": {
                        "address_line_1": "6217 Solomon Extensions",
                        "city": "WEST SALVATORE",
                        "state": "NORTH CAROLINA",
                        "zip": "92220"
                    },
                    "services": [
                        "STOOL SPECIMEN PICKUP"
                    ],
                    "reasons": [
                        
                    ],
                    "standing_start_date": "2026-01-09T00:00:00.000Z",
                    "standing_end_date": "2026-01-12T00:00:00.000Z",
                    "standing_frequency": "DAILY",
                    "technician_id": null,
                    "phlebo_status_history": [
                        {
                            "technician_id": null,
                            "tech_name": "",
                            "status": "PENDING",
                            "labtests_collected": [
                                
                            ],
                            "return_visit_tests": [
                                
                            ],
                            "reasons": [
                                
                            ],
                            "auto_drop_off": false,
                            "created_at": "2026-01-08T13:53:40.369Z",
                            "tubes_collected": [
                                
                            ]
                        }
                    ],
                    "patient_confirmation_status": "PENDING",
                    "service_latitude": 35.7595731,
                    "service_longitude": -79.01929969999999,
                    "tube_data": [
                        {
                            "tube_name": "NASAL SWAB",
                            "tube_count": 1
                        }
                    ],
                    "tat": "",
                    "_id": "695fb6e4b514fd6939a1c300",
                    "created_at": "2026-01-08T13:53:40.371Z",
                    "updated_at": "2026-01-08T13:53:40.371Z",
                    "__v": 0
                },
                "service_date": "01-12-2026",
                "mlx_order_id": "MLX-260108120"
            }
        ],
        "patient_id": "695fb6e4b514fd6939a1c2eb",
        "standing_order_details": {
            "start_date": "01-09-2026",
            "end_date": "01-12-2026",
            "frequency": "DAILY",
            "service_dates": [
                "01-09-2026",
                "01-10-2026",
                "01-11-2026",
                "01-12-2026"
            ]
        }
    }
}
]]></system-out>
    <system-err><![CDATA[SLF4J: Failed to load class "org.slf4j.impl.StaticLoggerBinder".
SLF4J: Defaulting to no-operation (NOP) logger implementation
SLF4J: See http://www.slf4j.org/codes.html#StaticLoggerBinder for further details.
]]></system-err>
  </testcase>
  <testcase name="testCreateOrderWithInvalidAuthToken" classname="com.mlx.api.tests.MLXCreateOrderTest" time="0.319">
    <system-out><![CDATA[Request method:	POST
Request URI:	https://staging-api-mlx.labsquire.com/orders/saveOrder
Proxy:			<none>
Request params:	<none>
Query params:	<none>
Form params:	<none>
Path params:	<none>
Headers:		accept=application/json, text/plain, */*
				accept-language=en-GB,en;q=0.9,en-US;q=0.8,en-IN;q=0.7
				authorization=Bearer invalid_token_12345
				origin=https://staging-mlx.labsquire.com
				priority=u=1, i
				referer=https://staging-mlx.labsquire.com/
				sec-ch-ua="Microsoft Edge";v="143", "Chromium";v="143", "Not A(Brand";v="24"
				sec-ch-ua-mobile=?0
				sec-ch-ua-platform="Windows"
				sec-fetch-dest=empty
				sec-fetch-mode=cors
				sec-fetch-site=same-site
				user-agent=Mozilla/5.0 (Windows NT 10.0; Win64; x64) AppleWebKit/537.36 (KHTML, like Gecko) Chrome/143.0.0.0 Safari/537.36 Edg/143.0.0.0
				user_id=695e8dde291856476f4875fb
				Content-Type=application/json
Cookies:		<none>
Multiparts:		<none>
Body:
{
    "facility_account_number": "TG1225007",
    "order_type": "STANDING ORDER"
}
HTTP/1.1 422 Unprocessable Entity
Date: Thu, 08 Jan 2026 13:53:41 GMT
Content-Type: application/json; charset=utf-8
Content-Length: 968
Connection: keep-alive
Server: cloudflare
Nel: {"report_to":"cf-nel","success_fraction":0.0,"max_age":604800}
X-Powered-By: Express
Access-Control-Allow-Origin: *
ETag: W/"3c8-skLM2biCs1lW43N94jvSoplIQSk"
cf-cache-status: DYNAMIC
Report-To: {"group":"cf-nel","max_age":604800,"endpoints":[{"url":"https://a.nel.cloudflare.com/report/v4?s=giJ7zgdZu54VJSXi4XR%2FFbrgQ8BqzlmuKw%2F790Q9S2TZZEOa%2BSjnsrao9YtoJC%2BLCHEidESWpbpsgIxfPdDIqf%2FjwO0pacoW5A6YoGPlHylYHg55GDi%2ByYazTA%3D%3D"}]}
CF-RAY: 9bac2eb77c1d9149-MAA
alt-svc: h3=":443"; ma=86400

{
    "status": 422,
    "success": false,
    "msg": "Validation error: Invalid data provided",
    "error_data": {
        "patient_data": [
            "Invalid key: Expected \"patient_data\" but received undefined"
        ],
        "order_codes": [
            "Invalid key: Expected \"order_codes\" but received undefined"
        ],
        "service_address": [
            "Invalid key: Expected \"service_address\" but received undefined"
        ],
        "billing_type": [
            "Invalid key: Expected \"billing_type\" but received undefined"
        ],
        "icd_10_codes": [
            "Invalid key: Expected \"icd_10_codes\" but received undefined"
        ],
        "fasting": [
            "Invalid key: Expected \"fasting\" but received undefined"
        ],
        "date_of_service": [
            "Invalid key: Expected \"date_of_service\" but received undefined"
        ],
        "appointment_time": [
            "Invalid key: Expected \"appointment_time\" but received undefined"
        ],
        "is_stat": [
            "Invalid key: Expected \"is_stat\" but received undefined"
        ],
        "services": [
            "Invalid key: Expected \"services\" but received undefined"
        ],
        "tube_data": [
            "Invalid key: Expected \"tube_data\" but received undefined"
        ]
    }
}
]]></system-out>
  </testcase>
  <testcase name="testCreateOrderWithMissingRequiredFields" classname="com.mlx.api.tests.MLXCreateOrderTest" time="0.318">
    <system-out><![CDATA[Request method:	POST
Request URI:	https://staging-api-mlx.labsquire.com/orders/saveOrder
Proxy:			<none>
Request params:	<none>
Query params:	<none>
Form params:	<none>
Path params:	<none>
Headers:		accept=application/json, text/plain, */*
				accept-language=en-GB,en;q=0.9,en-US;q=0.8,en-IN;q=0.7
				authorization=Bearer eyJhbGciOiJIUzI1NiIsInR5cCI6IkpXVCJ9.eyJzdWIiOiI2OTVlOGRkZTI5MTg1NjQ3NmY0ODc1ZmIiLCJlbWFpbCI6ImF1dG9tYXRpb250ZXN0aW5nQHRlc3QuY29tIiwicm9sZSI6IkxBQiBTVVBFUiBBRE1JTiIsImlhdCI6MTc2Nzg4MDQxOSwiZXhwIjoxNzY3OTEyODE5fQ.hiQKrWgwLOL9xUN9c9uYQ56FFnAclhKFtfwxJ6i3NcA
				origin=https://staging-mlx.labsquire.com
				priority=u=1, i
				referer=https://staging-mlx.labsquire.com/
				sec-ch-ua="Microsoft Edge";v="143", "Chromium";v="143", "Not A(Brand";v="24"
				sec-ch-ua-mobile=?0
				sec-ch-ua-platform="Windows"
				sec-fetch-dest=empty
				sec-fetch-mode=cors
				sec-fetch-site=same-site
				user-agent=Mozilla/5.0 (Windows NT 10.0; Win64; x64) AppleWebKit/537.36 (KHTML, like Gecko) Chrome/143.0.0.0 Safari/537.36 Edg/143.0.0.0
				user_id=695e8dde291856476f4875fb
				Content-Type=application/json
Cookies:		<none>
Multiparts:		<none>
Body:
{
    "order_type": "STANDING ORDER"
}
HTTP/1.1 422 Unprocessable Entity
Date: Thu, 08 Jan 2026 13:53:41 GMT
Content-Type: application/json; charset=utf-8
Content-Length: 968
Connection: keep-alive
Server: cloudflare
Nel: {"report_to":"cf-nel","success_fraction":0.0,"max_age":604800}
X-Powered-By: Express
Access-Control-Allow-Origin: *
ETag: W/"3c8-skLM2biCs1lW43N94jvSoplIQSk"
cf-cache-status: DYNAMIC
Report-To: {"group":"cf-nel","max_age":604800,"endpoints":[{"url":"https://a.nel.cloudflare.com/report/v4?s=UM2Dxpc8LyfNQJKqYqVf5BTZqRF4kt5xmPou4fbt5nImjeW3qrqBgjiOvs5cC7II0jcNqGNAOTA7FE3rrM8yjW2XvoNfEKKXtwOFFbJLDJOhRrlTRnZyZgVikA%3D%3D"}]}
CF-RAY: 9bac2eb97fb954a9-MAA
alt-svc: h3=":443"; ma=86400

{
    "status": 422,
    "success": false,
    "msg": "Validation error: Invalid data provided",
    "error_data": {
        "patient_data": [
            "Invalid key: Expected \"patient_data\" but received undefined"
        ],
        "order_codes": [
            "Invalid key: Expected \"order_codes\" but received undefined"
        ],
        "service_address": [
            "Invalid key: Expected \"service_address\" but received undefined"
        ],
        "billing_type": [
            "Invalid key: Expected \"billing_type\" but received undefined"
        ],
        "icd_10_codes": [
            "Invalid key: Expected \"icd_10_codes\" but received undefined"
        ],
        "fasting": [
            "Invalid key: Expected \"fasting\" but received undefined"
        ],
        "date_of_service": [
            "Invalid key: Expected \"date_of_service\" but received undefined"
        ],
        "appointment_time": [
            "Invalid key: Expected \"appointment_time\" but received undefined"
        ],
        "is_stat": [
            "Invalid key: Expected \"is_stat\" but received undefined"
        ],
        "services": [
            "Invalid key: Expected \"services\" but received undefined"
        ],
        "tube_data": [
            "Invalid key: Expected \"tube_data\" but received undefined"
        ]
    }
}
]]></system-out>
  </testcase>
  <testcase name="testCreateOrderWithInvalidDateFormat" classname="com.mlx.api.tests.MLXCreateOrderTest" time="0.304">
    <system-out><![CDATA[Request method:	POST
Request URI:	https://staging-api-mlx.labsquire.com/orders/saveOrder
Proxy:			<none>
Request params:	<none>
Query params:	<none>
Form params:	<none>
Path params:	<none>
Headers:		accept=application/json, text/plain, */*
				accept-language=en-GB,en;q=0.9,en-US;q=0.8,en-IN;q=0.7
				authorization=Bearer eyJhbGciOiJIUzI1NiIsInR5cCI6IkpXVCJ9.eyJzdWIiOiI2OTVlOGRkZTI5MTg1NjQ3NmY0ODc1ZmIiLCJlbWFpbCI6ImF1dG9tYXRpb250ZXN0aW5nQHRlc3QuY29tIiwicm9sZSI6IkxBQiBTVVBFUiBBRE1JTiIsImlhdCI6MTc2Nzg4MDQxOSwiZXhwIjoxNzY3OTEyODE5fQ.hiQKrWgwLOL9xUN9c9uYQ56FFnAclhKFtfwxJ6i3NcA
				origin=https://staging-mlx.labsquire.com
				priority=u=1, i
				referer=https://staging-mlx.labsquire.com/
				sec-ch-ua="Microsoft Edge";v="143", "Chromium";v="143", "Not A(Brand";v="24"
				sec-ch-ua-mobile=?0
				sec-ch-ua-platform="Windows"
				sec-fetch-dest=empty
				sec-fetch-mode=cors
				sec-fetch-site=same-site
				user-agent=Mozilla/5.0 (Windows NT 10.0; Win64; x64) AppleWebKit/537.36 (KHTML, like Gecko) Chrome/143.0.0.0 Safari/537.36 Edg/143.0.0.0
				user_id=695e8dde291856476f4875fb
				Content-Type=application/json
Cookies:		<none>
Multiparts:		<none>
Body:
{
    "facility_account_number": "TG1225007",
    "patient_data": {
        "mobile_number1": "1234567890",
        "hardstick": false,
        "addresses": [
            {
                "zip": "12345",
                "city": "Test City",
                "address_line_1": "Test Address",
                "state": "NEW YORK"
            }
        ],
        "gender": "MALE",
        "ethnicity": "ASIAN",
        "race": "ASIAN",
        "date_of_birth": "invalid-date",
        "homebound": false,
        "last_name": "TEST",
        "first_name": "TEST",
        "email": "test@test.com"
    },
    "order_type": "STANDING ORDER"
}
HTTP/1.1 422 Unprocessable Entity
Date: Thu, 08 Jan 2026 13:53:41 GMT
Content-Type: application/json; charset=utf-8
Content-Length: 887
Connection: keep-alive
Server: cloudflare
Nel: {"report_to":"cf-nel","success_fraction":0.0,"max_age":604800}
X-Powered-By: Express
Access-Control-Allow-Origin: *
ETag: W/"377-chEpwSlpS3BSX9AIu5G7eE8Gjpo"
cf-cache-status: DYNAMIC
Report-To: {"group":"cf-nel","max_age":604800,"endpoints":[{"url":"https://a.nel.cloudflare.com/report/v4?s=sEChvCLKAGKDvY8YkLSQ5C3vSagtjb1n%2BePgdsrVjkGUp%2FOdfo3G14eB6jhHF%2FAMTjrUheCg89OTXMzRE6G2RC1LItAnWwKjVMk6tZg%2BHYaMBrcJlhE4ktoIjA%3D%3D"}]}
CF-RAY: 9bac2ebb5ec4a911-MAA
alt-svc: h3=":443"; ma=86400

{
    "status": 422,
    "success": false,
    "msg": "Validation error: Invalid data provided",
    "error_data": {
        "order_codes": [
            "Invalid key: Expected \"order_codes\" but received undefined"
        ],
        "service_address": [
            "Invalid key: Expected \"service_address\" but received undefined"
        ],
        "billing_type": [
            "Invalid key: Expected \"billing_type\" but received undefined"
        ],
        "icd_10_codes": [
            "Invalid key: Expected \"icd_10_codes\" but received undefined"
        ],
        "fasting": [
            "Invalid key: Expected \"fasting\" but received undefined"
        ],
        "date_of_service": [
            "Invalid key: Expected \"date_of_service\" but received undefined"
        ],
        "appointment_time": [
            "Invalid key: Expected \"appointment_time\" but received undefined"
        ],
        "is_stat": [
            "Invalid key: Expected \"is_stat\" but received undefined"
        ],
        "services": [
            "Invalid key: Expected \"services\" but received undefined"
        ],
        "tube_data": [
            "Invalid key: Expected \"tube_data\" but received undefined"
        ]
    }
}
]]></system-out>
  </testcase>
  <testcase name="testCreateOrderWithPastDate" classname="com.mlx.api.tests.MLXCreateOrderTest" time="0.596">
    <failure message="API should reject orders with past dates but it accepted them with status 201" type="java.lang.AssertionError"><![CDATA[java.lang.AssertionError: API should reject orders with past dates but it accepted them with status 201
	at org.testng.Assert.fail(Assert.java:111)
	at com.mlx.api.tests.MLXCreateOrderTest.testCreateOrderWithPastDate(MLXCreateOrderTest.java:604)
	at java.base/jdk.internal.reflect.DirectMethodHandleAccessor.invoke(DirectMethodHandleAccessor.java:104)
	at java.base/java.lang.reflect.Method.invoke(Method.java:565)
	at org.testng.internal.invokers.MethodInvocationHelper.invokeMethod(MethodInvocationHelper.java:139)
	at org.testng.internal.invokers.TestInvoker.invokeMethod(TestInvoker.java:664)
	at org.testng.internal.invokers.TestInvoker.invokeTestMethod(TestInvoker.java:227)
	at org.testng.internal.invokers.MethodRunner.runInSequence(MethodRunner.java:50)
	at org.testng.internal.invokers.TestInvoker$MethodInvocationAgent.invoke(TestInvoker.java:957)
	at org.testng.internal.invokers.TestInvoker.invokeTestMethods(TestInvoker.java:200)
	at org.testng.internal.invokers.TestMethodWorker.invokeTestMethods(TestMethodWorker.java:148)
	at org.testng.internal.invokers.TestMethodWorker.run(TestMethodWorker.java:128)
	at java.base/java.util.ArrayList.forEach(ArrayList.java:1604)
	at org.testng.TestRunner.privateRun(TestRunner.java:848)
	at org.testng.TestRunner.run(TestRunner.java:621)
	at org.testng.SuiteRunner.runTest(SuiteRunner.java:443)
	at org.testng.SuiteRunner.runSequentially(SuiteRunner.java:437)
	at org.testng.SuiteRunner.privateRun(SuiteRunner.java:397)
	at org.testng.SuiteRunner.run(SuiteRunner.java:336)
	at org.testng.SuiteRunnerWorker.runSuite(SuiteRunnerWorker.java:52)
	at org.testng.SuiteRunnerWorker.run(SuiteRunnerWorker.java:95)
	at org.testng.TestNG.runSuitesSequentially(TestNG.java:1280)
	at org.testng.TestNG.runSuitesLocally(TestNG.java:1200)
	at org.testng.TestNG.runSuites(TestNG.java:1114)
	at org.testng.TestNG.run(TestNG.java:1082)
	at org.apache.maven.surefire.testng.TestNGExecutor.run(TestNGExecutor.java:308)
	at org.apache.maven.surefire.testng.TestNGXmlTestSuite.execute(TestNGXmlTestSuite.java:71)
	at org.apache.maven.surefire.testng.TestNGProvider.invoke(TestNGProvider.java:113)
	at org.apache.maven.surefire.booter.ForkedBooter.runSuitesInProcess(ForkedBooter.java:385)
	at org.apache.maven.surefire.booter.ForkedBooter.execute(ForkedBooter.java:162)
	at org.apache.maven.surefire.booter.ForkedBooter.run(ForkedBooter.java:507)
	at org.apache.maven.surefire.booter.ForkedBooter.main(ForkedBooter.java:495)
]]></failure>
    <system-out><![CDATA[Request method:	POST
Request URI:	https://staging-api-mlx.labsquire.com/orders/saveOrder
Proxy:			<none>
Request params:	<none>
Query params:	<none>
Form params:	<none>
Path params:	<none>
Headers:		accept=application/json, text/plain, */*
				accept-language=en-GB,en;q=0.9,en-US;q=0.8,en-IN;q=0.7
				authorization=Bearer eyJhbGciOiJIUzI1NiIsInR5cCI6IkpXVCJ9.eyJzdWIiOiI2OTVlOGRkZTI5MTg1NjQ3NmY0ODc1ZmIiLCJlbWFpbCI6ImF1dG9tYXRpb250ZXN0aW5nQHRlc3QuY29tIiwicm9sZSI6IkxBQiBTVVBFUiBBRE1JTiIsImlhdCI6MTc2Nzg4MDQxOSwiZXhwIjoxNzY3OTEyODE5fQ.hiQKrWgwLOL9xUN9c9uYQ56FFnAclhKFtfwxJ6i3NcA
				origin=https://staging-mlx.labsquire.com
				priority=u=1, i
				referer=https://staging-mlx.labsquire.com/
				sec-ch-ua="Microsoft Edge";v="143", "Chromium";v="143", "Not A(Brand";v="24"
				sec-ch-ua-mobile=?0
				sec-ch-ua-platform="Windows"
				sec-fetch-dest=empty
				sec-fetch-mode=cors
				sec-fetch-site=same-site
				user-agent=Mozilla/5.0 (Windows NT 10.0; Win64; x64) AppleWebKit/537.36 (KHTML, like Gecko) Chrome/143.0.0.0 Safari/537.36 Edg/143.0.0.0
				user_id=695e8dde291856476f4875fb
				Content-Type=application/json
Cookies:		<none>
Multiparts:		<none>
Body:
{
    "appointment_time": "",
    "facility_account_number": "TG6424745",
    "fasting": true,
    "services": [
        "STOOL SPECIMEN PICKUP"
    ],
    "standing_start_date": "12-29-2025",
    "order_codes": [
        "RPP COVID19"
    ],
    "service_address": {
        "zip": "12345",
        "city": "Test City",
        "address_line_1": "123 Test St",
        "state": "NEW YORK"
    },
    "standing_end_date": "01-01-2026",
    "icd_10_codes": [
        "A21.8"
    ],
    "standing_frequency": "DAILY",
    "tube_data": [
        {
            "tube_name": "NASAL SWAB",
            "tube_count": 1
        }
    ],
    "is_stat": false,
    "billing_type": "CLIENT",
    "physician_npi": "1093767972",
    "service_address_string": "123 Test St Test City NEW YORK 12345",
    "patient_data": {
        "mobile_number1": "9387767435",
        "hardstick": false,
        "addresses": [
            {
                "zip": "12345",
                "city": "Test City",
                "address_line_1": "123 Test St",
                "state": "NEW YORK"
            }
        ],
        "gender": "MALE",
        "ethnicity": "ASIAN",
        "race": "ASIAN",
        "date_of_birth": "08-23-1998",
        "homebound": false,
        "last_name": "Lehner",
        "first_name": "Earle",
        "email": "earle.lehner@test.com"
    },
    "date_of_service": "01-03-2026",
    "order_type": "STANDING ORDER"
}
HTTP/1.1 201 Created
Date: Thu, 08 Jan 2026 13:53:42 GMT
Content-Type: application/json; charset=utf-8
Content-Length: 8585
Connection: keep-alive
Server: cloudflare
Nel: {"report_to":"cf-nel","success_fraction":0.0,"max_age":604800}
X-Powered-By: Express
Access-Control-Allow-Origin: *
ETag: W/"2189-bVtlS+r3vzKHSalkr1aWaxa0Xfg"
cf-cache-status: DYNAMIC
Report-To: {"group":"cf-nel","max_age":604800,"endpoints":[{"url":"https://a.nel.cloudflare.com/report/v4?s=8PV1cBW%2BVOeQ%2FA2aA5SIGTJVVCIr6aoew1%2BwxZegFpFudcYUxb1Wz%2FTqUduyV8dXR4h9AgFowTs7byNpbwGfPH12HA6QzbSO1zWcHP02HDQjgV3uBpK6FLDolw%3D%3D"}]}
CF-RAY: 9bac2ebd4cfc06bb-MAA
alt-svc: h3=":443"; ma=86400

{
    "status": 201,
    "success": true,
    "message": "Standing order created successfully",
    "data": {
        "total_orders_created": 4,
        "total_service_dates": 4,
        "orders": [
            {
                "order_codes": [
                    "RPP COVID19"
                ],
                "facility_account_number": "TG6424745",
                "physician_npi": "1093767972",
                "order_type": "MLX",
                "order_id": "TGO-260108121",
                "billing_type": "CLIENT",
                "icd_10_codes": [
                    "A21.8"
                ],
                "status": "ACTIVE",
                "sample_collection_status": "PENDING",
                "patient_info": {
                    "first_name": "Earle",
                    "last_name": "Lehner",
                    "gender": "MALE",
                    "date_of_birth": "08-23-1998",
                    "email": "earle.lehner@test.com",
                    "mobile_number1": "9387767435",
                    "addresses": [
                        {
                            "address_line_1": "123 Test St",
                            "city": "Test City",
                            "state": "NEW YORK",
                            "zip": "12345"
                        }
                    ],
                    "race": "ASIAN",
                    "ethnicity": "ASIAN",
                    "homebound": false,
                    "hardstick": false,
                    "_id": "695fb6e6b514fd6939a1c31e",
                    "created_at": "2026-01-08T13:53:42.105Z",
                    "updated_at": "2026-01-08T13:53:42.105Z",
                    "__v": 0
                },
                "is_stat": false,
                "order_placed_at": "2026-01-08T13:53:42.211Z",
                "is_phlebo_order": true,
                "fasting": true,
                "phlebo_details": "695fb6e6b514fd6939a1c321",
                "_id": "695fb6e6b514fd6939a1c324",
                "created_at": "2026-01-08T13:53:42.212Z",
                "updated_at": "2026-01-08T13:53:42.212Z",
                "__v": 0,
                "id": "695fb6e6b514fd6939a1c324",
                "phlebo_order": {
                    "phlebo_order_id": "MLX-260108121",
                    "test_data": [
                        
                    ],
                    "order_type": "STANDING ORDER",
                    "date_of_service": "12-29-2025",
                    "appointment_time": "",
                    "admin_notes": [
                        
                    ],
                    "attachments": [
                        
                    ],
                    "service_address": {
                        "address_line_1": "123 Test St",
                        "city": "Test City",
                        "state": "NEW YORK",
                        "zip": "12345"
                    },
                    "services": [
                        "STOOL SPECIMEN PICKUP"
                    ],
                    "reasons": [
                        
                    ],
                    "standing_start_date": "2025-12-29T00:00:00.000Z",
                    "standing_end_date": "2026-01-01T00:00:00.000Z",
                    "standing_frequency": "DAILY",
                    "technician_id": null,
                    "phlebo_status_history": [
                        {
                            "technician_id": null,
                            "tech_name": "",
                            "status": "PENDING",
                            "labtests_collected": [
                                
                            ],
                            "return_visit_tests": [
                                
                            ],
                            "reasons": [
                                
                            ],
                            "auto_drop_off": false,
                            "created_at": "2026-01-08T13:53:42.199Z",
                            "tubes_collected": [
                                
                            ]
                        }
                    ],
                    "patient_confirmation_status": "PENDING",
                    "service_latitude": 40.7127753,
                    "service_longitude": -74.0059728,
                    "tube_data": [
                        {
                            "tube_name": "NASAL SWAB",
                            "tube_count": 1
                        }
                    ],
                    "tat": "",
                    "_id": "695fb6e6b514fd6939a1c321",
                    "created_at": "2026-01-08T13:53:42.201Z",
                    "updated_at": "2026-01-08T13:53:42.201Z",
                    "__v": 0
                },
                "service_date": "12-29-2025",
                "mlx_order_id": "MLX-260108121"
            },
            {
                "order_codes": [
                    "RPP COVID19"
                ],
                "facility_account_number": "TG6424745",
                "physician_npi": "1093767972",
                "order_type": "MLX",
                "order_id": "TGO-260108122",
                "billing_type": "CLIENT",
                "icd_10_codes": [
                    "A21.8"
                ],
                "status": "ACTIVE",
                "sample_collection_status": "PENDING",
                "patient_info": {
                    "first_name": "Earle",
                    "last_name": "Lehner",
                    "gender": "MALE",
                    "date_of_birth": "08-23-1998",
                    "email": "earle.lehner@test.com",
                    "mobile_number1": "9387767435",
                    "addresses": [
                        {
                            "address_line_1": "123 Test St",
                            "city": "Test City",
                            "state": "NEW YORK",
                            "zip": "12345"
                        }
                    ],
                    "race": "ASIAN",
                    "ethnicity": "ASIAN",
                    "homebound": false,
                    "hardstick": false,
                    "_id": "695fb6e6b514fd6939a1c31e",
                    "created_at": "2026-01-08T13:53:42.105Z",
                    "updated_at": "2026-01-08T13:53:42.105Z",
                    "__v": 0
                },
                "is_stat": false,
                "order_placed_at": "2026-01-08T13:53:42.235Z",
                "is_phlebo_order": true,
                "fasting": true,
                "phlebo_details": "695fb6e6b514fd6939a1c327",
                "_id": "695fb6e6b514fd6939a1c32a",
                "created_at": "2026-01-08T13:53:42.236Z",
                "updated_at": "2026-01-08T13:53:42.236Z",
                "__v": 0,
                "id": "695fb6e6b514fd6939a1c32a",
                "phlebo_order": {
                    "phlebo_order_id": "MLX-260108122",
                    "test_data": [
                        
                    ],
                    "order_type": "STANDING ORDER",
                    "date_of_service": "12-30-2025",
                    "appointment_time": "",
                    "admin_notes": [
                        
                    ],
                    "attachments": [
                        
                    ],
                    "service_address": {
                        "address_line_1": "123 Test St",
                        "city": "Test City",
                        "state": "NEW YORK",
                        "zip": "12345"
                    },
                    "services": [
                        "STOOL SPECIMEN PICKUP"
                    ],
                    "reasons": [
                        
                    ],
                    "standing_start_date": "2025-12-29T00:00:00.000Z",
                    "standing_end_date": "2026-01-01T00:00:00.000Z",
                    "standing_frequency": "DAILY",
                    "technician_id": null,
                    "phlebo_status_history": [
                        {
                            "technician_id": null,
                            "tech_name": "",
                            "status": "PENDING",
                            "labtests_collected": [
                                
                            ],
                            "return_visit_tests": [
                                
                            ],
                            "reasons": [
                                
                            ],
                            "auto_drop_off": false,
                            "created_at": "2026-01-08T13:53:42.224Z",
                            "tubes_collected": [
                                
                            ]
                        }
                    ],
                    "patient_confirmation_status": "PENDING",
                    "service_latitude": 40.7127753,
                    "service_longitude": -74.0059728,
                    "tube_data": [
                        {
                            "tube_name": "NASAL SWAB",
                            "tube_count": 1
                        }
                    ],
                    "tat": "",
                    "_id": "695fb6e6b514fd6939a1c327",
                    "created_at": "2026-01-08T13:53:42.226Z",
                    "updated_at": "2026-01-08T13:53:42.226Z",
                    "__v": 0
                },
                "service_date": "12-30-2025",
                "mlx_order_id": "MLX-260108122"
            },
            {
                "order_codes": [
                    "RPP COVID19"
                ],
                "facility_account_number": "TG6424745",
                "physician_npi": "1093767972",
                "order_type": "MLX",
                "order_id": "TGO-260108123",
                "billing_type": "CLIENT",
                "icd_10_codes": [
                    "A21.8"
                ],
                "status": "ACTIVE",
                "sample_collection_status": "PENDING",
                "patient_info": {
                    "first_name": "Earle",
                    "last_name": "Lehner",
                    "gender": "MALE",
                    "date_of_birth": "08-23-1998",
                    "email": "earle.lehner@test.com",
                    "mobile_number1": "9387767435",
                    "addresses": [
                        {
                            "address_line_1": "123 Test St",
                            "city": "Test City",
                            "state": "NEW YORK",
                            "zip": "12345"
                        }
                    ],
                    "race": "ASIAN",
                    "ethnicity": "ASIAN",
                    "homebound": false,
                    "hardstick": false,
                    "_id": "695fb6e6b514fd6939a1c31e",
                    "created_at": "2026-01-08T13:53:42.105Z",
                    "updated_at": "2026-01-08T13:53:42.105Z",
                    "__v": 0
                },
                "is_stat": false,
                "order_placed_at": "2026-01-08T13:53:42.257Z",
                "is_phlebo_order": true,
                "fasting": true,
                "phlebo_details": "695fb6e6b514fd6939a1c32d",
                "_id": "695fb6e6b514fd6939a1c330",
                "created_at": "2026-01-08T13:53:42.258Z",
                "updated_at": "2026-01-08T13:53:42.258Z",
                "__v": 0,
                "id": "695fb6e6b514fd6939a1c330",
                "phlebo_order": {
                    "phlebo_order_id": "MLX-260108123",
                    "test_data": [
                        
                    ],
                    "order_type": "STANDING ORDER",
                    "date_of_service": "12-31-2025",
                    "appointment_time": "",
                    "admin_notes": [
                        
                    ],
                    "attachments": [
                        
                    ],
                    "service_address": {
                        "address_line_1": "123 Test St",
                        "city": "Test City",
                        "state": "NEW YORK",
                        "zip": "12345"
                    },
                    "services": [
                        "STOOL SPECIMEN PICKUP"
                    ],
                    "reasons": [
                        
                    ],
                    "standing_start_date": "2025-12-29T00:00:00.000Z",
                    "standing_end_date": "2026-01-01T00:00:00.000Z",
                    "standing_frequency": "DAILY",
                    "technician_id": null,
                    "phlebo_status_history": [
                        {
                            "technician_id": null,
                            "tech_name": "",
                            "status": "PENDING",
                            "labtests_collected": [
                                
                            ],
                            "return_visit_tests": [
                                
                            ],
                            "reasons": [
                                
                            ],
                            "auto_drop_off": false,
                            "created_at": "2026-01-08T13:53:42.246Z",
                            "tubes_collected": [
                                
                            ]
                        }
                    ],
                    "patient_confirmation_status": "PENDING",
                    "service_latitude": 40.7127753,
                    "service_longitude": -74.0059728,
                    "tube_data": [
                        {
                            "tube_name": "NASAL SWAB",
                            "tube_count": 1
                        }
                    ],
                    "tat": "",
                    "_id": "695fb6e6b514fd6939a1c32d",
                    "created_at": "2026-01-08T13:53:42.247Z",
                    "updated_at": "2026-01-08T13:53:42.247Z",
                    "__v": 0
                },
                "service_date": "12-31-2025",
                "mlx_order_id": "MLX-260108123"
            },
            {
                "order_codes": [
                    "RPP COVID19"
                ],
                "facility_account_number": "TG6424745",
                "physician_npi": "1093767972",
                "order_type": "MLX",
                "order_id": "TGO-260108124",
                "billing_type": "CLIENT",
                "icd_10_codes": [
                    "A21.8"
                ],
                "status": "ACTIVE",
                "sample_collection_status": "PENDING",
                "patient_info": {
                    "first_name": "Earle",
                    "last_name": "Lehner",
                    "gender": "MALE",
                    "date_of_birth": "08-23-1998",
                    "email": "earle.lehner@test.com",
                    "mobile_number1": "9387767435",
                    "addresses": [
                        {
                            "address_line_1": "123 Test St",
                            "city": "Test City",
                            "state": "NEW YORK",
                            "zip": "12345"
                        }
                    ],
                    "race": "ASIAN",
                    "ethnicity": "ASIAN",
                    "homebound": false,
                    "hardstick": false,
                    "_id": "695fb6e6b514fd6939a1c31e",
                    "created_at": "2026-01-08T13:53:42.105Z",
                    "updated_at": "2026-01-08T13:53:42.105Z",
                    "__v": 0
                },
                "is_stat": false,
                "order_placed_at": "2026-01-08T13:53:42.280Z",
                "is_phlebo_order": true,
                "fasting": true,
                "phlebo_details": "695fb6e6b514fd6939a1c333",
                "_id": "695fb6e6b514fd6939a1c336",
                "created_at": "2026-01-08T13:53:42.281Z",
                "updated_at": "2026-01-08T13:53:42.281Z",
                "__v": 0,
                "id": "695fb6e6b514fd6939a1c336",
                "phlebo_order": {
                    "phlebo_order_id": "MLX-260108124",
                    "test_data": [
                        
                    ],
                    "order_type": "STANDING ORDER",
                    "date_of_service": "01-01-2026",
                    "appointment_time": "",
                    "admin_notes": [
                        
                    ],
                    "attachments": [
                        
                    ],
                    "service_address": {
                        "address_line_1": "123 Test St",
                        "city": "Test City",
                        "state": "NEW YORK",
                        "zip": "12345"
                    },
                    "services": [
                        "STOOL SPECIMEN PICKUP"
                    ],
                    "reasons": [
                        
                    ],
                    "standing_start_date": "2025-12-29T00:00:00.000Z",
                    "standing_end_date": "2026-01-01T00:00:00.000Z",
                    "standing_frequency": "DAILY",
                    "technician_id": null,
                    "phlebo_status_history": [
                        {
                            "technician_id": null,
                            "tech_name": "",
                            "status": "PENDING",
                            "labtests_collected": [
                                
                            ],
                            "return_visit_tests": [
                                
                            ],
                            "reasons": [
                                
                            ],
                            "auto_drop_off": false,
                            "created_at": "2026-01-08T13:53:42.268Z",
                            "tubes_collected": [
                                
                            ]
                        }
                    ],
                    "patient_confirmation_status": "PENDING",
                    "service_latitude": 40.7127753,
                    "service_longitude": -74.0059728,
                    "tube_data": [
                        {
                            "tube_name": "NASAL SWAB",
                            "tube_count": 1
                        }
                    ],
                    "tat": "",
                    "_id": "695fb6e6b514fd6939a1c333",
                    "created_at": "2026-01-08T13:53:42.270Z",
                    "updated_at": "2026-01-08T13:53:42.270Z",
                    "__v": 0
                },
                "service_date": "01-01-2026",
                "mlx_order_id": "MLX-260108124"
            }
        ],
        "patient_id": "695fb6e6b514fd6939a1c31e",
        "standing_order_details": {
            "start_date": "12-29-2025",
            "end_date": "01-01-2026",
            "frequency": "DAILY",
            "service_dates": [
                "12-29-2025",
                "12-30-2025",
                "12-31-2025",
                "01-01-2026"
            ]
        }
    }
}
19:23:42.152 [main] ERROR com.mlx.api.tests.MLXCreateOrderTest - ❌ BUG FOUND: API accepts past dates
19:23:42.156 [main] ERROR com.mlx.api.tests.MLXCreateOrderTest - Test failed with assertion error: API should reject orders with past dates but it accepted them with status 201
java.lang.AssertionError: API should reject orders with past dates but it accepted them with status 201
	at org.testng.Assert.fail(Assert.java:111) ~[testng-7.8.0.jar:7.8.0]
	at com.mlx.api.tests.MLXCreateOrderTest.testCreateOrderWithPastDate(MLXCreateOrderTest.java:604) [test-classes/:?]
	at jdk.internal.reflect.DirectMethodHandleAccessor.invoke(DirectMethodHandleAccessor.java:104) ~[?:?]
	at java.lang.reflect.Method.invoke(Method.java:565) ~[?:?]
	at org.testng.internal.invokers.MethodInvocationHelper.invokeMethod(MethodInvocationHelper.java:139) [testng-7.8.0.jar:7.8.0]
	at org.testng.internal.invokers.TestInvoker.invokeMethod(TestInvoker.java:664) [testng-7.8.0.jar:7.8.0]
	at org.testng.internal.invokers.TestInvoker.invokeTestMethod(TestInvoker.java:227) [testng-7.8.0.jar:7.8.0]
	at org.testng.internal.invokers.MethodRunner.runInSequence(MethodRunner.java:50) [testng-7.8.0.jar:7.8.0]
	at org.testng.internal.invokers.TestInvoker$MethodInvocationAgent.invoke(TestInvoker.java:957) [testng-7.8.0.jar:7.8.0]
	at org.testng.internal.invokers.TestInvoker.invokeTestMethods(TestInvoker.java:200) [testng-7.8.0.jar:7.8.0]
	at org.testng.internal.invokers.TestMethodWorker.invokeTestMethods(TestMethodWorker.java:148) [testng-7.8.0.jar:7.8.0]
	at org.testng.internal.invokers.TestMethodWorker.run(TestMethodWorker.java:128) [testng-7.8.0.jar:7.8.0]
	at java.util.ArrayList.forEach(ArrayList.java:1604) [?:?]
	at org.testng.TestRunner.privateRun(TestRunner.java:848) [testng-7.8.0.jar:7.8.0]
	at org.testng.TestRunner.run(TestRunner.java:621) [testng-7.8.0.jar:7.8.0]
	at org.testng.SuiteRunner.runTest(SuiteRunner.java:443) [testng-7.8.0.jar:7.8.0]
	at org.testng.SuiteRunner.runSequentially(SuiteRunner.java:437) [testng-7.8.0.jar:7.8.0]
	at org.testng.SuiteRunner.privateRun(SuiteRunner.java:397) [testng-7.8.0.jar:7.8.0]
	at org.testng.SuiteRunner.run(SuiteRunner.java:336) [testng-7.8.0.jar:7.8.0]
	at org.testng.SuiteRunnerWorker.runSuite(SuiteRunnerWorker.java:52) [testng-7.8.0.jar:7.8.0]
	at org.testng.SuiteRunnerWorker.run(SuiteRunnerWorker.java:95) [testng-7.8.0.jar:7.8.0]
	at org.testng.TestNG.runSuitesSequentially(TestNG.java:1280) [testng-7.8.0.jar:7.8.0]
	at org.testng.TestNG.runSuitesLocally(TestNG.java:1200) [testng-7.8.0.jar:7.8.0]
	at org.testng.TestNG.runSuites(TestNG.java:1114) [testng-7.8.0.jar:7.8.0]
	at org.testng.TestNG.run(TestNG.java:1082) [testng-7.8.0.jar:7.8.0]
	at org.apache.maven.surefire.testng.TestNGExecutor.run(TestNGExecutor.java:308) [surefire-testng-3.1.2.jar:3.1.2]
	at org.apache.maven.surefire.testng.TestNGXmlTestSuite.execute(TestNGXmlTestSuite.java:71) [surefire-testng-3.1.2.jar:3.1.2]
	at org.apache.maven.surefire.testng.TestNGProvider.invoke(TestNGProvider.java:113) [surefire-testng-3.1.2.jar:3.1.2]
	at org.apache.maven.surefire.booter.ForkedBooter.runSuitesInProcess(ForkedBooter.java:385) [surefire-booter-3.1.2.jar:3.1.2]
	at org.apache.maven.surefire.booter.ForkedBooter.execute(ForkedBooter.java:162) [surefire-booter-3.1.2.jar:3.1.2]
	at org.apache.maven.surefire.booter.ForkedBooter.run(ForkedBooter.java:507) [surefire-booter-3.1.2.jar:3.1.2]
	at org.apache.maven.surefire.booter.ForkedBooter.main(ForkedBooter.java:495) [surefire-booter-3.1.2.jar:3.1.2]
]]></system-out>
  </testcase>
  <testcase name="testCreateOrderWithFarFutureDate" classname="com.mlx.api.tests.MLXCreateOrderTest" time="0.79">
    <system-out><![CDATA[Request method:	POST
Request URI:	https://staging-api-mlx.labsquire.com/orders/saveOrder
Proxy:			<none>
Request params:	<none>
Query params:	<none>
Form params:	<none>
Path params:	<none>
Headers:		accept=application/json, text/plain, */*
				accept-language=en-GB,en;q=0.9,en-US;q=0.8,en-IN;q=0.7
				authorization=Bearer eyJhbGciOiJIUzI1NiIsInR5cCI6IkpXVCJ9.eyJzdWIiOiI2OTVlOGRkZTI5MTg1NjQ3NmY0ODc1ZmIiLCJlbWFpbCI6ImF1dG9tYXRpb250ZXN0aW5nQHRlc3QuY29tIiwicm9sZSI6IkxBQiBTVVBFUiBBRE1JTiIsImlhdCI6MTc2Nzg4MDQxOSwiZXhwIjoxNzY3OTEyODE5fQ.hiQKrWgwLOL9xUN9c9uYQ56FFnAclhKFtfwxJ6i3NcA
				origin=https://staging-mlx.labsquire.com
				priority=u=1, i
				referer=https://staging-mlx.labsquire.com/
				sec-ch-ua="Microsoft Edge";v="143", "Chromium";v="143", "Not A(Brand";v="24"
				sec-ch-ua-mobile=?0
				sec-ch-ua-platform="Windows"
				sec-fetch-dest=empty
				sec-fetch-mode=cors
				sec-fetch-site=same-site
				user-agent=Mozilla/5.0 (Windows NT 10.0; Win64; x64) AppleWebKit/537.36 (KHTML, like Gecko) Chrome/143.0.0.0 Safari/537.36 Edg/143.0.0.0
				user_id=695e8dde291856476f4875fb
				Content-Type=application/json
Cookies:		<none>
Multiparts:		<none>
Body:
{
    "appointment_time": "",
    "facility_account_number": "TG9522387",
    "fasting": true,
    "services": [
        "STOOL SPECIMEN PICKUP"
    ],
    "standing_start_date": "01-08-2027",
    "order_codes": [
        "RPP COVID19"
    ],
    "service_address": {
        "zip": "12345",
        "city": "Test City",
        "address_line_1": "123 Test St",
        "state": "NEW YORK"
    },
    "standing_end_date": "01-11-2027",
    "icd_10_codes": [
        "A21.8"
    ],
    "standing_frequency": "DAILY",
    "tube_data": [
        {
            "tube_name": "NASAL SWAB",
            "tube_count": 1
        }
    ],
    "is_stat": false,
    "billing_type": "CLIENT",
    "physician_npi": "1093767972",
    "service_address_string": "123 Test St Test City NEW YORK 12345",
    "patient_data": {
        "mobile_number1": "9012505966",
        "hardstick": false,
        "addresses": [
            {
                "zip": "12345",
                "city": "Test City",
                "address_line_1": "123 Test St",
                "state": "NEW YORK"
            }
        ],
        "gender": "MALE",
        "ethnicity": "ASIAN",
        "race": "ASIAN",
        "date_of_birth": "08-23-1998",
        "homebound": false,
        "last_name": "Fay",
        "first_name": "Dusty",
        "email": "Dusty@test.com"
    },
    "date_of_service": "01-13-2027",
    "order_type": "STANDING ORDER"
}
HTTP/1.1 201 Created
Date: Thu, 08 Jan 2026 13:53:43 GMT
Content-Type: application/json; charset=utf-8
Content-Length: 8545
Connection: keep-alive
Server: cloudflare
Nel: {"report_to":"cf-nel","success_fraction":0.0,"max_age":604800}
X-Powered-By: Express
Access-Control-Allow-Origin: *
ETag: W/"2161-fJe9+8KOIXjXHiikD20zc7gA2Vs"
cf-cache-status: DYNAMIC
Report-To: {"group":"cf-nel","max_age":604800,"endpoints":[{"url":"https://a.nel.cloudflare.com/report/v4?s=%2FN3vehTZ4%2Bt7KUB5W6cJuALeH1WdbASd9tHqQxiN1rgkjttHPm9KH68x4TX%2Bmc5GZAWKqE0iHj%2B7utUDfkvL2Wz56yriAtzbDByfpGzCXz9Ok8fxFvUJGM1iGg%3D%3D"}]}
CF-RAY: 9bac2ec11f13913f-MAA
alt-svc: h3=":443"; ma=86400

{
    "status": 201,
    "success": true,
    "message": "Standing order created successfully",
    "data": {
        "total_orders_created": 4,
        "total_service_dates": 4,
        "orders": [
            {
                "order_codes": [
                    "RPP COVID19"
                ],
                "facility_account_number": "TG9522387",
                "physician_npi": "1093767972",
                "order_type": "MLX",
                "order_id": "TGO-260108125",
                "billing_type": "CLIENT",
                "icd_10_codes": [
                    "A21.8"
                ],
                "status": "ACTIVE",
                "sample_collection_status": "PENDING",
                "patient_info": {
                    "first_name": "Dusty",
                    "last_name": "Fay",
                    "gender": "MALE",
                    "date_of_birth": "08-23-1998",
                    "email": "dusty@test.com",
                    "mobile_number1": "9012505966",
                    "addresses": [
                        {
                            "address_line_1": "123 Test St",
                            "city": "Test City",
                            "state": "NEW YORK",
                            "zip": "12345"
                        }
                    ],
                    "race": "ASIAN",
                    "ethnicity": "ASIAN",
                    "homebound": false,
                    "hardstick": false,
                    "_id": "695fb6e6b514fd6939a1c351",
                    "created_at": "2026-01-08T13:53:42.717Z",
                    "updated_at": "2026-01-08T13:53:42.717Z",
                    "__v": 0
                },
                "is_stat": false,
                "order_placed_at": "2026-01-08T13:53:42.828Z",
                "is_phlebo_order": true,
                "fasting": true,
                "phlebo_details": "695fb6e6b514fd6939a1c354",
                "_id": "695fb6e6b514fd6939a1c357",
                "created_at": "2026-01-08T13:53:42.830Z",
                "updated_at": "2026-01-08T13:53:42.830Z",
                "__v": 0,
                "id": "695fb6e6b514fd6939a1c357",
                "phlebo_order": {
                    "phlebo_order_id": "MLX-260108125",
                    "test_data": [
                        
                    ],
                    "order_type": "STANDING ORDER",
                    "date_of_service": "01-08-2027",
                    "appointment_time": "",
                    "admin_notes": [
                        
                    ],
                    "attachments": [
                        
                    ],
                    "service_address": {
                        "address_line_1": "123 Test St",
                        "city": "Test City",
                        "state": "NEW YORK",
                        "zip": "12345"
                    },
                    "services": [
                        "STOOL SPECIMEN PICKUP"
                    ],
                    "reasons": [
                        
                    ],
                    "standing_start_date": "2027-01-08T00:00:00.000Z",
                    "standing_end_date": "2027-01-11T00:00:00.000Z",
                    "standing_frequency": "DAILY",
                    "technician_id": null,
                    "phlebo_status_history": [
                        {
                            "technician_id": null,
                            "tech_name": "",
                            "status": "PENDING",
                            "labtests_collected": [
                                
                            ],
                            "return_visit_tests": [
                                
                            ],
                            "reasons": [
                                
                            ],
                            "auto_drop_off": false,
                            "created_at": "2026-01-08T13:53:42.815Z",
                            "tubes_collected": [
                                
                            ]
                        }
                    ],
                    "patient_confirmation_status": "PENDING",
                    "service_latitude": 40.7127753,
                    "service_longitude": -74.0059728,
                    "tube_data": [
                        {
                            "tube_name": "NASAL SWAB",
                            "tube_count": 1
                        }
                    ],
                    "tat": "",
                    "_id": "695fb6e6b514fd6939a1c354",
                    "created_at": "2026-01-08T13:53:42.817Z",
                    "updated_at": "2026-01-08T13:53:42.817Z",
                    "__v": 0
                },
                "service_date": "01-08-2027",
                "mlx_order_id": "MLX-260108125"
            },
            {
                "order_codes": [
                    "RPP COVID19"
                ],
                "facility_account_number": "TG9522387",
                "physician_npi": "1093767972",
                "order_type": "MLX",
                "order_id": "TGO-260108126",
                "billing_type": "CLIENT",
                "icd_10_codes": [
                    "A21.8"
                ],
                "status": "ACTIVE",
                "sample_collection_status": "PENDING",
                "patient_info": {
                    "first_name": "Dusty",
                    "last_name": "Fay",
                    "gender": "MALE",
                    "date_of_birth": "08-23-1998",
                    "email": "dusty@test.com",
                    "mobile_number1": "9012505966",
                    "addresses": [
                        {
                            "address_line_1": "123 Test St",
                            "city": "Test City",
                            "state": "NEW YORK",
                            "zip": "12345"
                        }
                    ],
                    "race": "ASIAN",
                    "ethnicity": "ASIAN",
                    "homebound": false,
                    "hardstick": false,
                    "_id": "695fb6e6b514fd6939a1c351",
                    "created_at": "2026-01-08T13:53:42.717Z",
                    "updated_at": "2026-01-08T13:53:42.717Z",
                    "__v": 0
                },
                "is_stat": false,
                "order_placed_at": "2026-01-08T13:53:43.117Z",
                "is_phlebo_order": true,
                "fasting": true,
                "phlebo_details": "695fb6e7b514fd6939a1c35a",
                "_id": "695fb6e7b514fd6939a1c35d",
                "created_at": "2026-01-08T13:53:43.118Z",
                "updated_at": "2026-01-08T13:53:43.118Z",
                "__v": 0,
                "id": "695fb6e7b514fd6939a1c35d",
                "phlebo_order": {
                    "phlebo_order_id": "MLX-260108126",
                    "test_data": [
                        
                    ],
                    "order_type": "STANDING ORDER",
                    "date_of_service": "01-09-2027",
                    "appointment_time": "",
                    "admin_notes": [
                        
                    ],
                    "attachments": [
                        
                    ],
                    "service_address": {
                        "address_line_1": "123 Test St",
                        "city": "Test City",
                        "state": "NEW YORK",
                        "zip": "12345"
                    },
                    "services": [
                        "STOOL SPECIMEN PICKUP"
                    ],
                    "reasons": [
                        
                    ],
                    "standing_start_date": "2027-01-08T00:00:00.000Z",
                    "standing_end_date": "2027-01-11T00:00:00.000Z",
                    "standing_frequency": "DAILY",
                    "technician_id": null,
                    "phlebo_status_history": [
                        {
                            "technician_id": null,
                            "tech_name": "",
                            "status": "PENDING",
                            "labtests_collected": [
                                
                            ],
                            "return_visit_tests": [
                                
                            ],
                            "reasons": [
                                
                            ],
                            "auto_drop_off": false,
                            "created_at": "2026-01-08T13:53:43.107Z",
                            "tubes_collected": [
                                
                            ]
                        }
                    ],
                    "patient_confirmation_status": "PENDING",
                    "service_latitude": 40.7127753,
                    "service_longitude": -74.0059728,
                    "tube_data": [
                        {
                            "tube_name": "NASAL SWAB",
                            "tube_count": 1
                        }
                    ],
                    "tat": "",
                    "_id": "695fb6e7b514fd6939a1c35a",
                    "created_at": "2026-01-08T13:53:43.108Z",
                    "updated_at": "2026-01-08T13:53:43.108Z",
                    "__v": 0
                },
                "service_date": "01-09-2027",
                "mlx_order_id": "MLX-260108126"
            },
            {
                "order_codes": [
                    "RPP COVID19"
                ],
                "facility_account_number": "TG9522387",
                "physician_npi": "1093767972",
                "order_type": "MLX",
                "order_id": "TGO-260108127",
                "billing_type": "CLIENT",
                "icd_10_codes": [
                    "A21.8"
                ],
                "status": "ACTIVE",
                "sample_collection_status": "PENDING",
                "patient_info": {
                    "first_name": "Dusty",
[...]
        ],
        "is_stat": [
            "Invalid key: Expected \"is_stat\" but received undefined"
        ],
        "services": [
            "Invalid key: Expected \"services\" but received undefined"
        ],
        "tube_data": [
            "Invalid key: Expected \"tube_data\" but received undefined"
        ]
    }
}
]]></system-out>
  </testcase>
  <testcase name="testCreateOrderWithoutServices" classname="com.mlx.api.tests.MLXCreateOrderTest" time="0.314">
    <system-out><![CDATA[Request method:	POST
Request URI:	https://staging-api-mlx.labsquire.com/orders/saveOrder
Proxy:			<none>
Request params:	<none>
Query params:	<none>
Form params:	<none>
Path params:	<none>
Headers:		accept=application/json, text/plain, */*
				accept-language=en-GB,en;q=0.9,en-US;q=0.8,en-IN;q=0.7
				authorization=Bearer eyJhbGciOiJIUzI1NiIsInR5cCI6IkpXVCJ9.eyJzdWIiOiI2OTVlOGRkZTI5MTg1NjQ3NmY0ODc1ZmIiLCJlbWFpbCI6ImF1dG9tYXRpb250ZXN0aW5nQHRlc3QuY29tIiwicm9sZSI6IkxBQiBTVVBFUiBBRE1JTiIsImlhdCI6MTc2Nzg4MDQxOSwiZXhwIjoxNzY3OTEyODE5fQ.hiQKrWgwLOL9xUN9c9uYQ56FFnAclhKFtfwxJ6i3NcA
				origin=https://staging-mlx.labsquire.com
				priority=u=1, i
				referer=https://staging-mlx.labsquire.com/
				sec-ch-ua="Microsoft Edge";v="143", "Chromium";v="143", "Not A(Brand";v="24"
				sec-ch-ua-mobile=?0
				sec-ch-ua-platform="Windows"
				sec-fetch-dest=empty
				sec-fetch-mode=cors
				sec-fetch-site=same-site
				user-agent=Mozilla/5.0 (Windows NT 10.0; Win64; x64) AppleWebKit/537.36 (KHTML, like Gecko) Chrome/143.0.0.0 Safari/537.36 Edg/143.0.0.0
				user_id=695e8dde291856476f4875fb
				Content-Type=application/json
Cookies:		<none>
Multiparts:		<none>
Body:
{
    "facility_account_number": "TG6349899",
    "physician_npi": "1093767972",
    "patient_data": {
        "mobile_number1": "9884001499",
        "hardstick": false,
        "addresses": [
            {
                "zip": "12345",
                "city": "Test City",
                "address_line_1": "123 Test St",
                "state": "NEW YORK"
            }
        ],
        "gender": "MALE",
        "ethnicity": "ASIAN",
        "race": "ASIAN",
        "date_of_birth": "08-23-1998",
        "homebound": false,
        "last_name": "User",
        "first_name": "Test",
        "email": "test@test.com"
    },
    "order_type": "STANDING ORDER"
}
HTTP/1.1 422 Unprocessable Entity
Date: Thu, 08 Jan 2026 13:53:46 GMT
Content-Type: application/json; charset=utf-8
Content-Length: 887
Connection: keep-alive
Server: cloudflare
Nel: {"report_to":"cf-nel","success_fraction":0.0,"max_age":604800}
X-Powered-By: Express
Access-Control-Allow-Origin: *
ETag: W/"377-chEpwSlpS3BSX9AIu5G7eE8Gjpo"
cf-cache-status: DYNAMIC
Report-To: {"group":"cf-nel","max_age":604800,"endpoints":[{"url":"https://a.nel.cloudflare.com/report/v4?s=pHR6UzNyV345%2BlH4EalP8ZJ3COs5j6tBXjt6ijWlKucbEGsC05EDdsIspHXTnmapiri%2FUKMpComkIzt2L9ZSRSyINT2GJES7ZE%2FX2fN%2BmZDJGhY2BHc2oeXnzw%3D%3D"}]}
CF-RAY: 9bac2edad9d23966-MAA
alt-svc: h3=":443"; ma=86400

{
    "status": 422,
    "success": false,
    "msg": "Validation error: Invalid data provided",
    "error_data": {
        "order_codes": [
            "Invalid key: Expected \"order_codes\" but received undefined"
        ],
        "service_address": [
            "Invalid key: Expected \"service_address\" but received undefined"
        ],
        "billing_type": [
            "Invalid key: Expected \"billing_type\" but received undefined"
        ],
        "icd_10_codes": [
            "Invalid key: Expected \"icd_10_codes\" but received undefined"
        ],
        "fasting": [
            "Invalid key: Expected \"fasting\" but received undefined"
        ],
        "date_of_service": [
            "Invalid key: Expected \"date_of_service\" but received undefined"
        ],
        "appointment_time": [
            "Invalid key: Expected \"appointment_time\" but received undefined"
        ],
        "is_stat": [
            "Invalid key: Expected \"is_stat\" but received undefined"
        ],
        "services": [
            "Invalid key: Expected \"services\" but received undefined"
        ],
        "tube_data": [
            "Invalid key: Expected \"tube_data\" but received undefined"
        ]
    }
}
]]></system-out>
  </testcase>
  <testcase name="testCreateOrderWithoutICD10Codes" classname="com.mlx.api.tests.MLXCreateOrderTest" time="0.312">
    <system-out><![CDATA[Request method:	POST
Request URI:	https://staging-api-mlx.labsquire.com/orders/saveOrder
Proxy:			<none>
Request params:	<none>
Query params:	<none>
Form params:	<none>
Path params:	<none>
Headers:		accept=application/json, text/plain, */*
				accept-language=en-GB,en;q=0.9,en-US;q=0.8,en-IN;q=0.7
				authorization=Bearer eyJhbGciOiJIUzI1NiIsInR5cCI6IkpXVCJ9.eyJzdWIiOiI2OTVlOGRkZTI5MTg1NjQ3NmY0ODc1ZmIiLCJlbWFpbCI6ImF1dG9tYXRpb250ZXN0aW5nQHRlc3QuY29tIiwicm9sZSI6IkxBQiBTVVBFUiBBRE1JTiIsImlhdCI6MTc2Nzg4MDQxOSwiZXhwIjoxNzY3OTEyODE5fQ.hiQKrWgwLOL9xUN9c9uYQ56FFnAclhKFtfwxJ6i3NcA
				origin=https://staging-mlx.labsquire.com
				priority=u=1, i
				referer=https://staging-mlx.labsquire.com/
				sec-ch-ua="Microsoft Edge";v="143", "Chromium";v="143", "Not A(Brand";v="24"
				sec-ch-ua-mobile=?0
				sec-ch-ua-platform="Windows"
				sec-fetch-dest=empty
				sec-fetch-mode=cors
				sec-fetch-site=same-site
				user-agent=Mozilla/5.0 (Windows NT 10.0; Win64; x64) AppleWebKit/537.36 (KHTML, like Gecko) Chrome/143.0.0.0 Safari/537.36 Edg/143.0.0.0
				user_id=695e8dde291856476f4875fb
				Content-Type=application/json
Cookies:		<none>
Multiparts:		<none>
Body:
{
    "facility_account_number": "TG4952994",
    "physician_npi": "1093767972",
    "patient_data": {
        "mobile_number1": "9005392961",
        "hardstick": false,
        "addresses": [
            {
                "zip": "12345",
                "city": "Test City",
                "address_line_1": "123 Test St",
                "state": "NEW YORK"
            }
        ],
        "gender": "MALE",
        "ethnicity": "ASIAN",
        "race": "ASIAN",
        "date_of_birth": "08-23-1998",
        "homebound": false,
        "last_name": "User",
        "first_name": "Test",
        "email": "test@test.com"
    },
    "order_type": "STANDING ORDER"
}
HTTP/1.1 422 Unprocessable Entity
Date: Thu, 08 Jan 2026 13:53:47 GMT
Content-Type: application/json; charset=utf-8
Content-Length: 887
Connection: keep-alive
Server: cloudflare
Nel: {"report_to":"cf-nel","success_fraction":0.0,"max_age":604800}
X-Powered-By: Express
Access-Control-Allow-Origin: *
ETag: W/"377-chEpwSlpS3BSX9AIu5G7eE8Gjpo"
cf-cache-status: DYNAMIC
Report-To: {"group":"cf-nel","max_age":604800,"endpoints":[{"url":"https://a.nel.cloudflare.com/report/v4?s=Bml%2BBJkc4vTe9HakbC25yOC29XYTx%2BUncOiKdTv6Sib4PHCOFXI141XCFuD5Oo3%2ByLNCNV7OptrU6gNfcEm55Y15sNISQ3uViruY9Ur36OKBrOXbFVG4X9l%2BUg%3D%3D"}]}
CF-RAY: 9bac2edcdc069148-MAA
alt-svc: h3=":443"; ma=86400

{
    "status": 422,
    "success": false,
    "msg": "Validation error: Invalid data provided",
    "error_data": {
        "order_codes": [
            "Invalid key: Expected \"order_codes\" but received undefined"
        ],
        "service_address": [
            "Invalid key: Expected \"service_address\" but received undefined"
        ],
        "billing_type": [
            "Invalid key: Expected \"billing_type\" but received undefined"
        ],
        "icd_10_codes": [
            "Invalid key: Expected \"icd_10_codes\" but received undefined"
        ],
        "fasting": [
            "Invalid key: Expected \"fasting\" but received undefined"
        ],
        "date_of_service": [
            "Invalid key: Expected \"date_of_service\" but received undefined"
        ],
        "appointment_time": [
            "Invalid key: Expected \"appointment_time\" but received undefined"
        ],
        "is_stat": [
            "Invalid key: Expected \"is_stat\" but received undefined"
        ],
        "services": [
            "Invalid key: Expected \"services\" but received undefined"
        ],
        "tube_data": [
            "Invalid key: Expected \"tube_data\" but received undefined"
        ]
    }
}
]]></system-out>
  </testcase>
  <testcase name="testCreateOrderWithoutBillingType" classname="com.mlx.api.tests.MLXCreateOrderTest" time="0.3">
    <system-out><![CDATA[Request method:	POST
Request URI:	https://staging-api-mlx.labsquire.com/orders/saveOrder
Proxy:			<none>
Request params:	<none>
Query params:	<none>
Form params:	<none>
Path params:	<none>
Headers:		accept=application/json, text/plain, */*
				accept-language=en-GB,en;q=0.9,en-US;q=0.8,en-IN;q=0.7
				authorization=Bearer eyJhbGciOiJIUzI1NiIsInR5cCI6IkpXVCJ9.eyJzdWIiOiI2OTVlOGRkZTI5MTg1NjQ3NmY0ODc1ZmIiLCJlbWFpbCI6ImF1dG9tYXRpb250ZXN0aW5nQHRlc3QuY29tIiwicm9sZSI6IkxBQiBTVVBFUiBBRE1JTiIsImlhdCI6MTc2Nzg4MDQxOSwiZXhwIjoxNzY3OTEyODE5fQ.hiQKrWgwLOL9xUN9c9uYQ56FFnAclhKFtfwxJ6i3NcA
				origin=https://staging-mlx.labsquire.com
				priority=u=1, i
				referer=https://staging-mlx.labsquire.com/
				sec-ch-ua="Microsoft Edge";v="143", "Chromium";v="143", "Not A(Brand";v="24"
				sec-ch-ua-mobile=?0
				sec-ch-ua-platform="Windows"
				sec-fetch-dest=empty
				sec-fetch-mode=cors
				sec-fetch-site=same-site
				user-agent=Mozilla/5.0 (Windows NT 10.0; Win64; x64) AppleWebKit/537.36 (KHTML, like Gecko) Chrome/143.0.0.0 Safari/537.36 Edg/143.0.0.0
				user_id=695e8dde291856476f4875fb
				Content-Type=application/json
Cookies:		<none>
Multiparts:		<none>
Body:
{
    "facility_account_number": "TG1063386",
    "physician_npi": "1093767972",
    "patient_data": {
        "mobile_number1": "9120081141",
        "hardstick": false,
        "addresses": [
            {
                "zip": "12345",
                "city": "Test City",
                "address_line_1": "123 Test St",
                "state": "NEW YORK"
            }
        ],
        "gender": "MALE",
        "ethnicity": "ASIAN",
        "race": "ASIAN",
        "date_of_birth": "08-23-1998",
        "homebound": false,
        "last_name": "User",
        "first_name": "Test",
        "email": "test@test.com"
    },
    "order_type": "STANDING ORDER"
}
HTTP/1.1 422 Unprocessable Entity
Date: Thu, 08 Jan 2026 13:53:47 GMT
Content-Type: application/json; charset=utf-8
Content-Length: 887
Connection: keep-alive
Server: cloudflare
Nel: {"report_to":"cf-nel","success_fraction":0.0,"max_age":604800}
X-Powered-By: Express
Access-Control-Allow-Origin: *
ETag: W/"377-chEpwSlpS3BSX9AIu5G7eE8Gjpo"
cf-cache-status: DYNAMIC
Report-To: {"group":"cf-nel","max_age":604800,"endpoints":[{"url":"https://a.nel.cloudflare.com/report/v4?s=LfmoOIczLpt08989wlDsvNBsY1z4yfUA551jfVyRSSBBRDJTWeKyKpFysaPyjgcqT6%2BMExfdiNdIAN4hovW4wNFzQnoOEfiaqBR9s6tDgcDJs%2F4jujBAsJBhDA%3D%3D"}]}
CF-RAY: 9bac2edece35a917-MAA
alt-svc: h3=":443"; ma=86400

{
    "status": 422,
    "success": false,
    "msg": "Validation error: Invalid data provided",
    "error_data": {
        "order_codes": [
            "Invalid key: Expected \"order_codes\" but received undefined"
        ],
        "service_address": [
            "Invalid key: Expected \"service_address\" but received undefined"
        ],
        "billing_type": [
            "Invalid key: Expected \"billing_type\" but received undefined"
        ],
        "icd_10_codes": [
            "Invalid key: Expected \"icd_10_codes\" but received undefined"
        ],
        "fasting": [
            "Invalid key: Expected \"fasting\" but received undefined"
        ],
        "date_of_service": [
            "Invalid key: Expected \"date_of_service\" but received undefined"
        ],
        "appointment_time": [
            "Invalid key: Expected \"appointment_time\" but received undefined"
        ],
        "is_stat": [
            "Invalid key: Expected \"is_stat\" but received undefined"
        ],
        "services": [
            "Invalid key: Expected \"services\" but received undefined"
        ],
        "tube_data": [
            "Invalid key: Expected \"tube_data\" but received undefined"
        ]
    }
}
]]></system-out>
  </testcase>
  <testcase name="testCreateOrderWithoutDateOfService" classname="com.mlx.api.tests.MLXCreateOrderTest" time="0.305">
    <system-out><![CDATA[Request method:	POST
Request URI:	https://staging-api-mlx.labsquire.com/orders/saveOrder
Proxy:			<none>
Request params:	<none>
Query params:	<none>
Form params:	<none>
Path params:	<none>
Headers:		accept=application/json, text/plain, */*
				accept-language=en-GB,en;q=0.9,en-US;q=0.8,en-IN;q=0.7
				authorization=Bearer eyJhbGciOiJIUzI1NiIsInR5cCI6IkpXVCJ9.eyJzdWIiOiI2OTVlOGRkZTI5MTg1NjQ3NmY0ODc1ZmIiLCJlbWFpbCI6ImF1dG9tYXRpb250ZXN0aW5nQHRlc3QuY29tIiwicm9sZSI6IkxBQiBTVVBFUiBBRE1JTiIsImlhdCI6MTc2Nzg4MDQxOSwiZXhwIjoxNzY3OTEyODE5fQ.hiQKrWgwLOL9xUN9c9uYQ56FFnAclhKFtfwxJ6i3NcA
				origin=https://staging-mlx.labsquire.com
				priority=u=1, i
				referer=https://staging-mlx.labsquire.com/
				sec-ch-ua="Microsoft Edge";v="143", "Chromium";v="143", "Not A(Brand";v="24"
				sec-ch-ua-mobile=?0
				sec-ch-ua-platform="Windows"
				sec-fetch-dest=empty
				sec-fetch-mode=cors
				sec-fetch-site=same-site
				user-agent=Mozilla/5.0 (Windows NT 10.0; Win64; x64) AppleWebKit/537.36 (KHTML, like Gecko) Chrome/143.0.0.0 Safari/537.36 Edg/143.0.0.0
				user_id=695e8dde291856476f4875fb
				Content-Type=application/json
Cookies:		<none>
Multiparts:		<none>
Body:
{
    "facility_account_number": "TG6585071",
    "physician_npi": "1093767972",
    "patient_data": {
        "mobile_number1": "9153595905",
        "hardstick": false,
        "addresses": [
            {
                "zip": "12345",
                "city": "Test City",
                "address_line_1": "123 Test St",
                "state": "NEW YORK"
            }
        ],
        "gender": "MALE",
        "ethnicity": "ASIAN",
        "race": "ASIAN",
        "date_of_birth": "08-23-1998",
        "homebound": false,
        "last_name": "User",
        "first_name": "Test",
        "email": "test@test.com"
    },
    "order_type": "STANDING ORDER"
}
HTTP/1.1 422 Unprocessable Entity
Date: Thu, 08 Jan 2026 13:53:47 GMT
Content-Type: application/json; charset=utf-8
Content-Length: 887
Connection: keep-alive
Server: cloudflare
Nel: {"report_to":"cf-nel","success_fraction":0.0,"max_age":604800}
X-Powered-By: Express
Access-Control-Allow-Origin: *
ETag: W/"377-chEpwSlpS3BSX9AIu5G7eE8Gjpo"
cf-cache-status: DYNAMIC
Report-To: {"group":"cf-nel","max_age":604800,"endpoints":[{"url":"https://a.nel.cloudflare.com/report/v4?s=Herpt0TKzSWCPDbeEd%2FfGW%2BmKlcjuUb9PRpSKapU4oImkSgoNgVKZbBLMcgdz%2F8w3mDIWj0wZycLKzoLRFTFV241%2Fa01WTvwZuCAPvBjZXg%2BOMiYO7UY2uMHEA%3D%3D"}]}
CF-RAY: 9bac2ee0ab39179f-MAA
alt-svc: h3=":443"; ma=86400

{
    "status": 422,
    "success": false,
    "msg": "Validation error: Invalid data provided",
    "error_data": {
        "order_codes": [
            "Invalid key: Expected \"order_codes\" but received undefined"
        ],
        "service_address": [
            "Invalid key: Expected \"service_address\" but received undefined"
        ],
        "billing_type": [
            "Invalid key: Expected \"billing_type\" but received undefined"
        ],
        "icd_10_codes": [
            "Invalid key: Expected \"icd_10_codes\" but received undefined"
        ],
        "fasting": [
            "Invalid key: Expected \"fasting\" but received undefined"
        ],
        "date_of_service": [
            "Invalid key: Expected \"date_of_service\" but received undefined"
        ],
        "appointment_time": [
            "Invalid key: Expected \"appointment_time\" but received undefined"
        ],
        "is_stat": [
            "Invalid key: Expected \"is_stat\" but received undefined"
        ],
        "services": [
            "Invalid key: Expected \"services\" but received undefined"
        ],
        "tube_data": [
            "Invalid key: Expected \"tube_data\" but received undefined"
        ]
    }
}
]]></system-out>
  </testcase>
  <testcase name="testCreateOrderWithoutTubeData" classname="com.mlx.api.tests.MLXCreateOrderTest" time="0.296">
    <system-out><![CDATA[Request method:	POST
Request URI:	https://staging-api-mlx.labsquire.com/orders/saveOrder
Proxy:			<none>
Request params:	<none>
Query params:	<none>
Form params:	<none>
Path params:	<none>
Headers:		accept=application/json, text/plain, */*
				accept-language=en-GB,en;q=0.9,en-US;q=0.8,en-IN;q=0.7
				authorization=Bearer eyJhbGciOiJIUzI1NiIsInR5cCI6IkpXVCJ9.eyJzdWIiOiI2OTVlOGRkZTI5MTg1NjQ3NmY0ODc1ZmIiLCJlbWFpbCI6ImF1dG9tYXRpb250ZXN0aW5nQHRlc3QuY29tIiwicm9sZSI6IkxBQiBTVVBFUiBBRE1JTiIsImlhdCI6MTc2Nzg4MDQxOSwiZXhwIjoxNzY3OTEyODE5fQ.hiQKrWgwLOL9xUN9c9uYQ56FFnAclhKFtfwxJ6i3NcA
				origin=https://staging-mlx.labsquire.com
				priority=u=1, i
				referer=https://staging-mlx.labsquire.com/
				sec-ch-ua="Microsoft Edge";v="143", "Chromium";v="143", "Not A(Brand";v="24"
				sec-ch-ua-mobile=?0
				sec-ch-ua-platform="Windows"
				sec-fetch-dest=empty
				sec-fetch-mode=cors
				sec-fetch-site=same-site
				user-agent=Mozilla/5.0 (Windows NT 10.0; Win64; x64) AppleWebKit/537.36 (KHTML, like Gecko) Chrome/143.0.0.0 Safari/537.36 Edg/143.0.0.0
				user_id=695e8dde291856476f4875fb
				Content-Type=application/json
Cookies:		<none>
Multiparts:		<none>
Body:
{
    "facility_account_number": "TG1556759",
    "physician_npi": "1093767972",
    "patient_data": {
        "mobile_number1": "9567555922",
        "hardstick": false,
        "addresses": [
            {
                "zip": "12345",
                "city": "Test City",
                "address_line_1": "123 Test St",
                "state": "NEW YORK"
            }
        ],
        "gender": "MALE",
        "ethnicity": "ASIAN",
        "race": "ASIAN",
        "date_of_birth": "08-23-1998",
        "homebound": false,
        "last_name": "User",
        "first_name": "Test",
        "email": "test@test.com"
    },
    "order_type": "STANDING ORDER"
}
HTTP/1.1 422 Unprocessable Entity
Date: Thu, 08 Jan 2026 13:53:48 GMT
Content-Type: application/json; charset=utf-8
Content-Length: 887
Connection: keep-alive
Server: cloudflare
Nel: {"report_to":"cf-nel","success_fraction":0.0,"max_age":604800}
X-Powered-By: Express
Access-Control-Allow-Origin: *
ETag: W/"377-chEpwSlpS3BSX9AIu5G7eE8Gjpo"
cf-cache-status: DYNAMIC
Report-To: {"group":"cf-nel","max_age":604800,"endpoints":[{"url":"https://a.nel.cloudflare.com/report/v4?s=sEZWfOqCdkWYq5r79IN3Orv9RTM8eOrhghtrf6koljHwRLMCcx5XbKf3WyLjtU4jsjg8OiKEo3FuuWeIq0Dn5prvTjpoHkkudmPtqQF3Y5KNbOUn%2BAck09%2BIfA%3D%3D"}]}
CF-RAY: 9bac2ee27b38b0da-MAA
alt-svc: h3=":443"; ma=86400

{
    "status": 422,
    "success": false,
    "msg": "Validation error: Invalid data provided",
    "error_data": {
        "order_codes": [
            "Invalid key: Expected \"order_codes\" but received undefined"
        ],
        "service_address": [
            "Invalid key: Expected \"service_address\" but received undefined"
        ],
        "billing_type": [
            "Invalid key: Expected \"billing_type\" but received undefined"
        ],
        "icd_10_codes": [
            "Invalid key: Expected \"icd_10_codes\" but received undefined"
        ],
        "fasting": [
            "Invalid key: Expected \"fasting\" but received undefined"
        ],
        "date_of_service": [
            "Invalid key: Expected \"date_of_service\" but received undefined"
        ],
        "appointment_time": [
            "Invalid key: Expected \"appointment_time\" but received undefined"
        ],
        "is_stat": [
            "Invalid key: Expected \"is_stat\" but received undefined"
        ],
        "services": [
            "Invalid key: Expected \"services\" but received undefined"
        ],
        "tube_data": [
            "Invalid key: Expected \"tube_data\" but received undefined"
        ]
    }
}
]]></system-out>
  </testcase>
</testsuite>