<?xml version="1.0" encoding="UTF-8"?>
<testng-results ignored="0" total="18" passed="15" failed="3" skipped="0">
  <reporter-output>
  </reporter-output>
  <suite started-at="2026-01-08T19:23:34 IST" name="MLX API Automation Test Suite" finished-at="2026-01-08T19:23:48 IST" duration-ms="13146">
    <groups>
    </groups>
    <test started-at="2026-01-08T19:23:34 IST" name="MLX Order Tests" finished-at="2026-01-08T19:23:48 IST" duration-ms="13146">
      <class name="com.mlx.api.tests.MLXCreateOrderTest">
        <test-method is-config="true" signature="setup()[pri:0, instance:com.mlx.api.tests.MLXCreateOrderTest@7357a011]" started-at="2026-01-08T19:23:34 IST" name="setup" finished-at="2026-01-08T19:23:39 IST" duration-ms="4384" status="PASS">
          <reporter-output>
          </reporter-output>
        </test-method> <!-- setup -->
        <test-method signature="testCreateStandingOrderWithValidData()[pri:1, instance:com.mlx.api.tests.MLXCreateOrderTest@7357a011]" started-at="2026-01-08T19:23:39 IST" name="testCreateStandingOrderWithValidData" description="Create Standing Order - Valid Data" finished-at="2026-01-08T19:23:40 IST" duration-ms="1269" status="PASS">
          <reporter-output>
          </reporter-output>
        </test-method> <!-- testCreateStandingOrderWithValidData -->
        <test-method signature="testCreateOrderWithInvalidAuthToken()[pri:2, instance:com.mlx.api.tests.MLXCreateOrderTest@7357a011]" started-at="2026-01-08T19:23:40 IST" name="testCreateOrderWithInvalidAuthToken" description="Create Order - Invalid Auth Token" finished-at="2026-01-08T19:23:40 IST" duration-ms="329" status="PASS">
          <reporter-output>
          </reporter-output>
        </test-method> <!-- testCreateOrderWithInvalidAuthToken -->
        <test-method signature="testCreateOrderWithMissingRequiredFields()[pri:3, instance:com.mlx.api.tests.MLXCreateOrderTest@7357a011]" started-at="2026-01-08T19:23:40 IST" name="testCreateOrderWithMissingRequiredFields" description="Create Order - Missing Required Fields" finished-at="2026-01-08T19:23:41 IST" duration-ms="318" status="PASS">
          <reporter-output>
          </reporter-output>
        </test-method> <!-- testCreateOrderWithMissingRequiredFields -->
        <test-method signature="testCreateOrderWithInvalidDateFormat()[pri:4, instance:com.mlx.api.tests.MLXCreateOrderTest@7357a011]" started-at="2026-01-08T19:23:41 IST" name="testCreateOrderWithInvalidDateFormat" description="Create Order - Invalid Date Format" finished-at="2026-01-08T19:23:41 IST" duration-ms="303" status="PASS">
          <reporter-output>
          </reporter-output>
        </test-method> <!-- testCreateOrderWithInvalidDateFormat -->
        <test-method signature="testCreateOrderWithPastDate()[pri:5, instance:com.mlx.api.tests.MLXCreateOrderTest@7357a011]" started-at="2026-01-08T19:23:41 IST" name="testCreateOrderWithPastDate" description="Create Order - Past Date (Negative Test)" finished-at="2026-01-08T19:23:42 IST" duration-ms="595" status="FAIL">
          <exception class="java.lang.AssertionError">
            <message>
              <![CDATA[API should reject orders with past dates but it accepted them with status 201]]>
            </message>
            <full-stacktrace>
              <![CDATA[java.lang.AssertionError: API should reject orders with past dates but it accepted them with status 201
at org.testng.Assert.fail(Assert.java:111)
at com.mlx.api.tests.MLXCreateOrderTest.testCreateOrderWithPastDate(MLXCreateOrderTest.java:604)
at java.base/jdk.internal.reflect.DirectMethodHandleAccessor.invoke(DirectMethodHandleAccessor.java:104)
at java.base/java.lang.reflect.Method.invoke(Method.java:565)
at org.testng.internal.invokers.MethodInvocationHelper.invokeMethod(MethodInvocationHelper.java:139)
at org.testng.internal.invokers.TestInvoker.invokeMethod(TestInvoker.java:664)
at org.testng.internal.invokers.TestInvoker.invokeTestMethod(TestInvoker.java:227)
at org.testng.internal.invokers.MethodRunner.runInSequence(MethodRunner.java:50)
at org.testng.internal.invokers.TestInvoker$MethodInvocationAgent.invoke(TestInvoker.java:957)
at org.testng.internal.invokers.TestInvoker.invokeTestMethods(TestInvoker.java:200)
at org.testng.internal.invokers.TestMethodWorker.invokeTestMethods(TestMethodWorker.java:148)
at org.testng.internal.invokers.TestMethodWorker.run(TestMethodWorker.java:128)
at java.base/java.util.ArrayList.forEach(ArrayList.java:1604)
at org.testng.TestRunner.privateRun(TestRunner.java:848)
at org.testng.TestRunner.run(TestRunner.java:621)
at org.testng.SuiteRunner.runTest(SuiteRunner.java:443)
at org.testng.SuiteRunner.runSequentially(SuiteRunner.java:437)
at org.testng.SuiteRunner.privateRun(SuiteRunner.java:397)
at org.testng.SuiteRunner.run(SuiteRunner.java:336)
at org.testng.SuiteRunnerWorker.runSuite(SuiteRunnerWorker.java:52)
at org.testng.SuiteRunnerWorker.run(SuiteRunnerWorker.java:95)
at org.testng.TestNG.runSuitesSequentially(TestNG.java:1280)
at org.testng.TestNG.runSuitesLocally(TestNG.java:1200)
at org.testng.TestNG.runSuites(TestNG.java:1114)
at org.testng.TestNG.run(TestNG.java:1082)
at org.apache.maven.surefire.testng.TestNGExecutor.run(TestNGExecutor.java:308)
at org.apache.maven.surefire.testng.TestNGXmlTestSuite.execute(TestNGXmlTestSuite.java:71)
at org.apache.maven.surefire.testng.TestNGProvider.invoke(TestNGProvider.java:113)
at org.apache.maven.surefire.booter.ForkedBooter.runSuitesInProcess(ForkedBooter.java:385)
at org.apache.maven.surefire.booter.ForkedBooter.execute(ForkedBooter.java:162)
at org.apache.maven.surefire.booter.ForkedBooter.run(ForkedBooter.java:507)
at org.apache.maven.surefire.booter.ForkedBooter.main(ForkedBooter.java:495)
]]>
            </full-stacktrace>
          </exception> <!-- java.lang.AssertionError -->
          <reporter-output>
          </reporter-output>
        </test-method> <!-- testCreateOrderWithPastDate -->
        <test-method signature="testCreateOrderWithFarFutureDate()[pri:6, instance:com.mlx.api.tests.MLXCreateOrderTest@7357a011]" started-at="2026-01-08T19:23:42 IST" name="testCreateOrderWithFarFutureDate" description="Create Order - Future Date Beyond Range (Negative Test)" finished-at="2026-01-08T19:23:42 IST" duration-ms="786" status="PASS">
          <reporter-output>
          </reporter-output>
        </test-method> <!-- testCreateOrderWithFarFutureDate -->
        <test-method signature="testCreateOrderWithInvalidICD10()[pri:7, instance:com.mlx.api.tests.MLXCreateOrderTest@7357a011]" started-at="2026-01-08T19:23:42 IST" name="testCreateOrderWithInvalidICD10" description="Create Order - Invalid ICD-10 Codes (Negative Test)" finished-at="2026-01-08T19:23:43 IST" duration-ms="953" status="PASS">
          <reporter-output>
          </reporter-output>
        </test-method> <!-- testCreateOrderWithInvalidICD10 -->
        <test-method signature="testCreateOrderWithInvalidFacility()[pri:8, instance:com.mlx.api.tests.MLXCreateOrderTest@7357a011]" started-at="2026-01-08T19:23:43 IST" name="testCreateOrderWithInvalidFacility" description="Create Order - Invalid Facility Account (Negative Test)" finished-at="2026-01-08T19:23:44 IST" duration-ms="495" status="PASS">
          <reporter-output>
          </reporter-output>
        </test-method> <!-- testCreateOrderWithInvalidFacility -->
        <test-method signature="testCreateOrderWithInvalidNPI()[pri:9, instance:com.mlx.api.tests.MLXCreateOrderTest@7357a011]" started-at="2026-01-08T19:23:44 IST" name="testCreateOrderWithInvalidNPI" description="Create Order - Invalid Physician NPI (Negative Test)" finished-at="2026-01-08T19:23:45 IST" duration-ms="678" status="PASS">
          <reporter-output>
          </reporter-output>
        </test-method> <!-- testCreateOrderWithInvalidNPI -->
        <test-method signature="testCreateOrderWithoutPatientData()[pri:10, instance:com.mlx.api.tests.MLXCreateOrderTest@7357a011]" started-at="2026-01-08T19:23:45 IST" name="testCreateOrderWithoutPatientData" description="Missing Patient Data - Negative Test" finished-at="2026-01-08T19:23:45 IST" duration-ms="295" status="PASS">
          <reporter-output>
          </reporter-output>
        </test-method> <!-- testCreateOrderWithoutPatientData -->
        <test-method signature="testCreateOrderWithoutFacilityAccount()[pri:11, instance:com.mlx.api.tests.MLXCreateOrderTest@7357a011]" started-at="2026-01-08T19:23:45 IST" name="testCreateOrderWithoutFacilityAccount" description="Missing Facility Account Number - Negative Test" finished-at="2026-01-08T19:23:45 IST" duration-ms="303" status="FAIL">
          <exception class="java.lang.AssertionError">
            <message>
              <![CDATA[API should reject request when facility_account_number is missing expected [true] but found [false]]]>
            </message>
            <full-stacktrace>
              <![CDATA[java.lang.AssertionError: API should reject request when facility_account_number is missing expected [true] but found [false]
at org.testng.Assert.fail(Assert.java:111)
at org.testng.Assert.failNotEquals(Assert.java:1578)
at org.testng.Assert.assertTrue(Assert.java:57)
at com.mlx.api.tests.MLXCreateOrderTest.testCreateOrderWithoutFacilityAccount(MLXCreateOrderTest.java:983)
at java.base/jdk.internal.reflect.DirectMethodHandleAccessor.invoke(DirectMethodHandleAccessor.java:104)
at java.base/java.lang.reflect.Method.invoke(Method.java:565)
at org.testng.internal.invokers.MethodInvocationHelper.invokeMethod(MethodInvocationHelper.java:139)
at org.testng.internal.invokers.TestInvoker.invokeMethod(TestInvoker.java:664)
at org.testng.internal.invokers.TestInvoker.invokeTestMethod(TestInvoker.java:227)
at org.testng.internal.invokers.MethodRunner.runInSequence(MethodRunner.java:50)
at org.testng.internal.invokers.TestInvoker$MethodInvocationAgent.invoke(TestInvoker.java:957)
at org.testng.internal.invokers.TestInvoker.invokeTestMethods(TestInvoker.java:200)
at org.testng.internal.invokers.TestMethodWorker.invokeTestMethods(TestMethodWorker.java:148)
at org.testng.internal.invokers.TestMethodWorker.run(TestMethodWorker.java:128)
at java.base/java.util.ArrayList.forEach(ArrayList.java:1604)
at org.testng.TestRunner.privateRun(TestRunner.java:848)
at org.testng.TestRunner.run(TestRunner.java:621)
at org.testng.SuiteRunner.runTest(SuiteRunner.java:443)
at org.testng.SuiteRunner.runSequentially(SuiteRunner.java:437)
at org.testng.SuiteRunner.privateRun(SuiteRunner.java:397)
at org.testng.SuiteRunner.run(SuiteRunner.java:336)
at org.testng.SuiteRunnerWorker.runSuite(SuiteRunnerWorker.java:52)
at org.testng.SuiteRunnerWorker.run(SuiteRunnerWorker.java:95)
at org.testng.TestNG.runSuitesSequentially(TestNG.java:1280)
at org.testng.TestNG.runSuitesLocally(TestNG.java:1200)
at org.testng.TestNG.runSuites(TestNG.java:1114)
at org.testng.TestNG.run(TestNG.java:1082)
at org.apache.maven.surefire.testng.TestNGExecutor.run(TestNGExecutor.java:308)
at org.apache.maven.surefire.testng.TestNGXmlTestSuite.execute(TestNGXmlTestSuite.java:71)
at org.apache.maven.surefire.testng.TestNGProvider.invoke(TestNGProvider.java:113)
at org.apache.maven.surefire.booter.ForkedBooter.runSuitesInProcess(ForkedBooter.java:385)
at org.apache.maven.surefire.booter.ForkedBooter.execute(ForkedBooter.java:162)
at org.apache.maven.surefire.booter.ForkedBooter.run(ForkedBooter.java:507)
at org.apache.maven.surefire.booter.ForkedBooter.main(ForkedBooter.java:495)
]]>
            </full-stacktrace>
          </exception> <!-- java.lang.AssertionError -->
          <reporter-output>
          </reporter-output>
        </test-method> <!-- testCreateOrderWithoutFacilityAccount -->
        <test-method signature="testCreateOrderWithoutPhysicianNPI()[pri:12, instance:com.mlx.api.tests.MLXCreateOrderTest@7357a011]" started-at="2026-01-08T19:23:45 IST" name="testCreateOrderWithoutPhysicianNPI" description="Missing Physician NPI - Negative Test" finished-at="2026-01-08T19:23:46 IST" duration-ms="316" status="FAIL">
          <exception class="java.lang.AssertionError">
            <message>
              <![CDATA[API should reject request when physician_npi is missing expected [true] but found [false]]]>
            </message>
            <full-stacktrace>
              <![CDATA[java.lang.AssertionError: API should reject request when physician_npi is missing expected [true] but found [false]
at org.testng.Assert.fail(Assert.java:111)
at org.testng.Assert.failNotEquals(Assert.java:1578)
at org.testng.Assert.assertTrue(Assert.java:57)
at com.mlx.api.tests.MLXCreateOrderTest.testCreateOrderWithoutPhysicianNPI(MLXCreateOrderTest.java:1023)
at java.base/jdk.internal.reflect.DirectMethodHandleAccessor.invoke(DirectMethodHandleAccessor.java:104)
at java.base/java.lang.reflect.Method.invoke(Method.java:565)
at org.testng.internal.invokers.MethodInvocationHelper.invokeMethod(MethodInvocationHelper.java:139)
at org.testng.internal.invokers.TestInvoker.invokeMethod(TestInvoker.java:664)
at org.testng.internal.invokers.TestInvoker.invokeTestMethod(TestInvoker.java:227)
at org.testng.internal.invokers.MethodRunner.runInSequence(MethodRunner.java:50)
at org.testng.internal.invokers.TestInvoker$MethodInvocationAgent.invoke(TestInvoker.java:957)
at org.testng.internal.invokers.TestInvoker.invokeTestMethods(TestInvoker.java:200)
at org.testng.internal.invokers.TestMethodWorker.invokeTestMethods(TestMethodWorker.java:148)
at org.testng.internal.invokers.TestMethodWorker.run(TestMethodWorker.java:128)
at java.base/java.util.ArrayList.forEach(ArrayList.java:1604)
at org.testng.TestRunner.privateRun(TestRunner.java:848)
at org.testng.TestRunner.run(TestRunner.java:621)
at org.testng.SuiteRunner.runTest(SuiteRunner.java:443)
at org.testng.SuiteRunner.runSequentially(SuiteRunner.java:437)
at org.testng.SuiteRunner.privateRun(SuiteRunner.java:397)
at org.testng.SuiteRunner.run(SuiteRunner.java:336)
at org.testng.SuiteRunnerWorker.runSuite(SuiteRunnerWorker.java:52)
at org.testng.SuiteRunnerWorker.run(SuiteRunnerWorker.java:95)
at org.testng.TestNG.runSuitesSequentially(TestNG.java:1280)
at org.testng.TestNG.runSuitesLocally(TestNG.java:1200)
at org.testng.TestNG.runSuites(TestNG.java:1114)
at org.testng.TestNG.run(TestNG.java:1082)
at org.apache.maven.surefire.testng.TestNGExecutor.run(TestNGExecutor.java:308)
at org.apache.maven.surefire.testng.TestNGXmlTestSuite.execute(TestNGXmlTestSuite.java:71)
at org.apache.maven.surefire.testng.TestNGProvider.invoke(TestNGProvider.java:113)
at org.apache.maven.surefire.booter.ForkedBooter.runSuitesInProcess(ForkedBooter.java:385)
at org.apache.maven.surefire.booter.ForkedBooter.execute(ForkedBooter.java:162)
at org.apache.maven.surefire.booter.ForkedBooter.run(ForkedBooter.java:507)
at org.apache.maven.surefire.booter.ForkedBooter.main(ForkedBooter.java:495)
]]>
            </full-stacktrace>
          </exception> <!-- java.lang.AssertionError -->
          <reporter-output>
          </reporter-output>
        </test-method> <!-- testCreateOrderWithoutPhysicianNPI -->
        <test-method signature="testCreateOrderWithoutOrderCodes()[pri:13, instance:com.mlx.api.tests.MLXCreateOrderTest@7357a011]" started-at="2026-01-08T19:23:46 IST" name="testCreateOrderWithoutOrderCodes" description="Missing Order Codes - Negative Test" finished-at="2026-01-08T19:23:46 IST" duration-ms="295" status="PASS">
          <reporter-output>
          </reporter-output>
        </test-method> <!-- testCreateOrderWithoutOrderCodes -->
        <test-method signature="testCreateOrderWithoutServices()[pri:14, instance:com.mlx.api.tests.MLXCreateOrderTest@7357a011]" started-at="2026-01-08T19:23:46 IST" name="testCreateOrderWithoutServices" description="Missing Services - Negative Test" finished-at="2026-01-08T19:23:46 IST" duration-ms="314" status="PASS">
          <reporter-output>
          </reporter-output>
        </test-method> <!-- testCreateOrderWithoutServices -->
        <test-method signature="testCreateOrderWithoutICD10Codes()[pri:15, instance:com.mlx.api.tests.MLXCreateOrderTest@7357a011]" started-at="2026-01-08T19:23:46 IST" name="testCreateOrderWithoutICD10Codes" description="Missing ICD-10 Codes - Negative Test" finished-at="2026-01-08T19:23:46 IST" duration-ms="312" status="PASS">
          <reporter-output>
          </reporter-output>
        </test-method> <!-- testCreateOrderWithoutICD10Codes -->
        <test-method signature="testCreateOrderWithoutBillingType()[pri:16, instance:com.mlx.api.tests.MLXCreateOrderTest@7357a011]" started-at="2026-01-08T19:23:46 IST" name="testCreateOrderWithoutBillingType" description="Missing Billing Type - Negative Test" finished-at="2026-01-08T19:23:47 IST" duration-ms="300" status="PASS">
          <reporter-output>
          </reporter-output>
        </test-method> <!-- testCreateOrderWithoutBillingType -->
        <test-method signature="testCreateOrderWithoutDateOfService()[pri:17, instance:com.mlx.api.tests.MLXCreateOrderTest@7357a011]" started-at="2026-01-08T19:23:47 IST" name="testCreateOrderWithoutDateOfService" description="Missing Date of Service - Negative Test" finished-at="2026-01-08T19:23:47 IST" duration-ms="304" status="PASS">
          <reporter-output>
          </reporter-output>
        </test-method> <!-- testCreateOrderWithoutDateOfService -->
        <test-method signature="testCreateOrderWithoutTubeData()[pri:18, instance:com.mlx.api.tests.MLXCreateOrderTest@7357a011]" started-at="2026-01-08T19:23:47 IST" name="testCreateOrderWithoutTubeData" description="Missing Tube Data - Negative Test" finished-at="2026-01-08T19:23:47 IST" duration-ms="295" status="PASS">
          <reporter-output>
          </reporter-output>
        </test-method> <!-- testCreateOrderWithoutTubeData -->
        <test-method is-config="true" signature="tearDown()[pri:0, instance:com.mlx.api.tests.MLXCreateOrderTest@7357a011]" started-at="2026-01-08T19:23:47 IST" name="tearDown" finished-at="2026-01-08T19:23:48 IST" duration-ms="250" status="PASS">
          <reporter-output>
          </reporter-output>
        </test-method> <!-- tearDown -->
      </class> <!-- com.mlx.api.tests.MLXCreateOrderTest -->
    </test> <!-- MLX Order Tests -->
  </suite> <!-- MLX API Automation Test Suite -->
</testng-results>
