<?xml version="1.0" encoding="UTF-8"?>
<!-- Generated by org.testng.reporters.JUnitXMLReporter -->
<testsuite ignored="0" hostname="DESKTOP-4NFH1F2" failures="3" tests="18" name="MLX Order Tests" time="13.146" errors="0" timestamp="2026-01-08T19:23:48 IST">
  <testcase classname="com.mlx.api.tests.MLXCreateOrderTest" name="testCreateStandingOrderWithValidData" time="1.269"/>
  <testcase classname="com.mlx.api.tests.MLXCreateOrderTest" name="testCreateOrderWithInvalidAuthToken" time="0.329"/>
  <testcase classname="com.mlx.api.tests.MLXCreateOrderTest" name="testCreateOrderWithMissingRequiredFields" time="0.318"/>
  <testcase classname="com.mlx.api.tests.MLXCreateOrderTest" name="testCreateOrderWithInvalidDateFormat" time="0.303"/>
  <testcase classname="com.mlx.api.tests.MLXCreateOrderTest" name="testCreateOrderWithPastDate" time="0.595">
    <failure type="java.lang.AssertionError" message="API should reject orders with past dates but it accepted them with status 201">
      <![CDATA[java.lang.AssertionError: API should reject orders with past dates but it accepted them with status 201
at com.mlx.api.tests.MLXCreateOrderTest.testCreateOrderWithPastDate(MLXCreateOrderTest.java:604)
at java.base/java.util.ArrayList.forEach(ArrayList.java:1604)
... Removed 30 stack frames]]>
    </failure>
  </testcase> <!-- testCreateOrderWithPastDate -->
  <testcase classname="com.mlx.api.tests.MLXCreateOrderTest" name="testCreateOrderWithFarFutureDate" time="0.786"/>
  <testcase classname="com.mlx.api.tests.MLXCreateOrderTest" name="testCreateOrderWithInvalidICD10" time="0.953"/>
  <testcase classname="com.mlx.api.tests.MLXCreateOrderTest" name="testCreateOrderWithInvalidFacility" time="0.495"/>
  <testcase classname="com.mlx.api.tests.MLXCreateOrderTest" name="testCreateOrderWithInvalidNPI" time="0.678"/>
  <testcase classname="com.mlx.api.tests.MLXCreateOrderTest" name="testCreateOrderWithoutPatientData" time="0.295"/>
  <testcase classname="com.mlx.api.tests.MLXCreateOrderTest" name="testCreateOrderWithoutFacilityAccount" time="0.303">
    <failure type="java.lang.AssertionError" message="API should reject request when facility_account_number is missing expected [true] but found [false]">
      <![CDATA[java.lang.AssertionError: API should reject request when facility_account_number is missing expected [true] but found [false]
at com.mlx.api.tests.MLXCreateOrderTest.testCreateOrderWithoutFacilityAccount(MLXCreateOrderTest.java:983)
at java.base/java.util.ArrayList.forEach(ArrayList.java:1604)
... Removed 32 stack frames]]>
    </failure>
  </testcase> <!-- testCreateOrderWithoutFacilityAccount -->
  <testcase classname="com.mlx.api.tests.MLXCreateOrderTest" name="testCreateOrderWithoutPhysicianNPI" time="0.316">
    <failure type="java.lang.AssertionError" message="API should reject request when physician_npi is missing expected [true] but found [false]">
      <![CDATA[java.lang.AssertionError: API should reject request when physician_npi is missing expected [true] but found [false]
at com.mlx.api.tests.MLXCreateOrderTest.testCreateOrderWithoutPhysicianNPI(MLXCreateOrderTest.java:1023)
at java.base/java.util.ArrayList.forEach(ArrayList.java:1604)
... Removed 32 stack frames]]>
    </failure>
  </testcase> <!-- testCreateOrderWithoutPhysicianNPI -->
  <testcase classname="com.mlx.api.tests.MLXCreateOrderTest" name="testCreateOrderWithoutOrderCodes" time="0.295"/>
  <testcase classname="com.mlx.api.tests.MLXCreateOrderTest" name="testCreateOrderWithoutServices" time="0.314"/>
  <testcase classname="com.mlx.api.tests.MLXCreateOrderTest" name="testCreateOrderWithoutICD10Codes" time="0.312"/>
  <testcase classname="com.mlx.api.tests.MLXCreateOrderTest" name="testCreateOrderWithoutBillingType" time="0.3"/>
  <testcase classname="com.mlx.api.tests.MLXCreateOrderTest" name="testCreateOrderWithoutDateOfService" time="0.304"/>
  <testcase classname="com.mlx.api.tests.MLXCreateOrderTest" name="testCreateOrderWithoutTubeData" time="0.295"/>
</testsuite> <!-- MLX Order Tests -->
