<html>
<head>
<title>TestNG:  MLX Order Tests</title>
<link href="../testng.css" rel="stylesheet" type="text/css" />
<link href="../my-testng.css" rel="stylesheet" type="text/css" />

<style type="text/css">
.log { display: none;} 
.stack-trace { display: none;} 
</style>
<script type="text/javascript">
<!--
function flip(e) {
  current = e.style.display;
  if (current == 'block') {
    e.style.display = 'none';
    return 0;
  }
  else {
    e.style.display = 'block';
    return 1;
  }
}

function toggleBox(szDivId, elem, msg1, msg2)
{
  var res = -1;  if (document.getElementById) {
    res = flip(document.getElementById(szDivId));
  }
  else if (document.all) {
    // this is the way old msie versions work
    res = flip(document.all[szDivId]);
  }
  if(elem) {
    if(res == 0) elem.innerHTML = msg1; else elem.innerHTML = msg2;
  }

}

function toggleAllBoxes() {
  if (document.getElementsByTagName) {
    d = document.getElementsByTagName('div');
    for (i = 0; i < d.length; i++) {
      if (d[i].className == 'log') {
        flip(d[i]);
      }
    }
  }
}

// -->
</script>

</head>
<body>
<h2 align='center'>MLX Order Tests</h2><table border='1' align="center">
<tr>
<td>Tests passed/Failed/Skipped:</td><td>15/3/0</td>
</tr><tr>
<td>Started on:</td><td>Thu Jan 08 19:23:34 IST 2026</td>
</tr>
<tr><td>Total time:</td><td>13 seconds (13146 ms)</td>
</tr><tr>
<td>Included groups:</td><td></td>
</tr><tr>
<td>Excluded groups:</td><td></td>
</tr>
</table><p/>
<small><i>(Hover the method name to see the test class name)</i></small><p/>
<table width='100%' border='1' class='invocation-failed'>
<tr><td colspan='4' align='center'><b>FAILED TESTS</b></td></tr>
<tr><td><b>Test method</b></td>
<td><b>Attribute(s)</b></td>
<td width="30%"><b>Exception</b></td>
<td width="10%"><b>Time (seconds)</b></td>
<td><b>Instance</b></td>
</tr>
<tr>
<td title='com.mlx.api.tests.MLXCreateOrderTest.testCreateOrderWithPastDate()'><b>testCreateOrderWithPastDate</b><br>Test class: com.mlx.api.tests.MLXCreateOrderTest<br>Test method: Create Order - Past Date (Negative Test)</td>
<td><div><pre>java.lang.AssertionError: API should reject orders with past dates but it accepted them with status 201
	at com.mlx.api.tests.MLXCreateOrderTest.testCreateOrderWithPastDate(MLXCreateOrderTest.java:604)
	at java.base/java.util.ArrayList.forEach(ArrayList.java:1604)
... Removed 30 stack frames</pre></div><a href='#' onClick='toggleBox("stack-trace414040586", this, "Click to show all stack frames", "Click to hide stack frames")'>Click to show all stack frames</a>
<div class='stack-trace' id='stack-trace414040586'><pre>java.lang.AssertionError: API should reject orders with past dates but it accepted them with status 201
	at org.testng.Assert.fail(Assert.java:111)
	at com.mlx.api.tests.MLXCreateOrderTest.testCreateOrderWithPastDate(MLXCreateOrderTest.java:604)
	at java.base/jdk.internal.reflect.DirectMethodHandleAccessor.invoke(DirectMethodHandleAccessor.java:104)
	at java.base/java.lang.reflect.Method.invoke(Method.java:565)
	at org.testng.internal.invokers.MethodInvocationHelper.invokeMethod(MethodInvocationHelper.java:139)
	at org.testng.internal.invokers.TestInvoker.invokeMethod(TestInvoker.java:664)
	at org.testng.internal.invokers.TestInvoker.invokeTestMethod(TestInvoker.java:227)
	at org.testng.internal.invokers.MethodRunner.runInSequence(MethodRunner.java:50)
	at org.testng.internal.invokers.TestInvoker$MethodInvocationAgent.invoke(TestInvoker.java:957)
	at org.testng.internal.invokers.TestInvoker.invokeTestMethods(TestInvoker.java:200)
	at org.testng.internal.invokers.TestMethodWorker.invokeTestMethods(TestMethodWorker.java:148)
	at org.testng.internal.invokers.TestMethodWorker.run(TestMethodWorker.java:128)
	at java.base/java.util.ArrayList.forEach(ArrayList.java:1604)
	at org.testng.TestRunner.privateRun(TestRunner.java:848)
	at org.testng.TestRunner.run(TestRunner.java:621)
	at org.testng.SuiteRunner.runTest(SuiteRunner.java:443)
	at org.testng.SuiteRunner.runSequentially(SuiteRunner.java:437)
	at org.testng.SuiteRunner.privateRun(SuiteRunner.java:397)
	at org.testng.SuiteRunner.run(SuiteRunner.java:336)
	at org.testng.SuiteRunnerWorker.runSuite(SuiteRunnerWorker.java:52)
	at org.testng.SuiteRunnerWorker.run(SuiteRunnerWorker.java:95)
	at org.testng.TestNG.runSuitesSequentially(TestNG.java:1280)
	at org.testng.TestNG.runSuitesLocally(TestNG.java:1200)
	at org.testng.TestNG.runSuites(TestNG.java:1114)
	at org.testng.TestNG.run(TestNG.java:1082)
	at org.apache.maven.surefire.testng.TestNGExecutor.run(TestNGExecutor.java:308)
	at org.apache.maven.surefire.testng.TestNGXmlTestSuite.execute(TestNGXmlTestSuite.java:71)
	at org.apache.maven.surefire.testng.TestNGProvider.invoke(TestNGProvider.java:113)
	at org.apache.maven.surefire.booter.ForkedBooter.runSuitesInProcess(ForkedBooter.java:385)
	at org.apache.maven.surefire.booter.ForkedBooter.execute(ForkedBooter.java:162)
	at org.apache.maven.surefire.booter.ForkedBooter.run(ForkedBooter.java:507)
	at org.apache.maven.surefire.booter.ForkedBooter.main(ForkedBooter.java:495)
</pre></div></td>
<td>0</td>
<td>com.mlx.api.tests.MLXCreateOrderTest@7357a011</td></tr>
<tr>
<td title='com.mlx.api.tests.MLXCreateOrderTest.testCreateOrderWithoutPhysicianNPI()'><b>testCreateOrderWithoutPhysicianNPI</b><br>Test class: com.mlx.api.tests.MLXCreateOrderTest<br>Test method: Missing Physician NPI - Negative Test</td>
<td><div><pre>java.lang.AssertionError: API should reject request when physician_npi is missing expected [true] but found [false]
	at com.mlx.api.tests.MLXCreateOrderTest.testCreateOrderWithoutPhysicianNPI(MLXCreateOrderTest.java:1023)
	at java.base/java.util.ArrayList.forEach(ArrayList.java:1604)
... Removed 32 stack frames</pre></div><a href='#' onClick='toggleBox("stack-trace885723920", this, "Click to show all stack frames", "Click to hide stack frames")'>Click to show all stack frames</a>
<div class='stack-trace' id='stack-trace885723920'><pre>java.lang.AssertionError: API should reject request when physician_npi is missing expected [true] but found [false]
	at org.testng.Assert.fail(Assert.java:111)
	at org.testng.Assert.failNotEquals(Assert.java:1578)
	at org.testng.Assert.assertTrue(Assert.java:57)
	at com.mlx.api.tests.MLXCreateOrderTest.testCreateOrderWithoutPhysicianNPI(MLXCreateOrderTest.java:1023)
	at java.base/jdk.internal.reflect.DirectMethodHandleAccessor.invoke(DirectMethodHandleAccessor.java:104)
	at java.base/java.lang.reflect.Method.invoke(Method.java:565)
	at org.testng.internal.invokers.MethodInvocationHelper.invokeMethod(MethodInvocationHelper.java:139)
	at org.testng.internal.invokers.TestInvoker.invokeMethod(TestInvoker.java:664)
	at org.testng.internal.invokers.TestInvoker.invokeTestMethod(TestInvoker.java:227)
	at org.testng.internal.invokers.MethodRunner.runInSequence(MethodRunner.java:50)
	at org.testng.internal.invokers.TestInvoker$MethodInvocationAgent.invoke(TestInvoker.java:957)
	at org.testng.internal.invokers.TestInvoker.invokeTestMethods(TestInvoker.java:200)
	at org.testng.internal.invokers.TestMethodWorker.invokeTestMethods(TestMethodWorker.java:148)
	at org.testng.internal.invokers.TestMethodWorker.run(TestMethodWorker.java:128)
	at java.base/java.util.ArrayList.forEach(ArrayList.java:1604)
	at org.testng.TestRunner.privateRun(TestRunner.java:848)
	at org.testng.TestRunner.run(TestRunner.java:621)
	at org.testng.SuiteRunner.runTest(SuiteRunner.java:443)
	at org.testng.SuiteRunner.runSequentially(SuiteRunner.java:437)
	at org.testng.SuiteRunner.privateRun(SuiteRunner.java:397)
	at org.testng.SuiteRunner.run(SuiteRunner.java:336)
	at org.testng.SuiteRunnerWorker.runSuite(SuiteRunnerWorker.java:52)
	at org.testng.SuiteRunnerWorker.run(SuiteRunnerWorker.java:95)
	at org.testng.TestNG.runSuitesSequentially(TestNG.java:1280)
	at org.testng.TestNG.runSuitesLocally(TestNG.java:1200)
	at org.testng.TestNG.runSuites(TestNG.java:1114)
	at org.testng.TestNG.run(TestNG.java:1082)
	at org.apache.maven.surefire.testng.TestNGExecutor.run(TestNGExecutor.java:308)
	at org.apache.maven.surefire.testng.TestNGXmlTestSuite.execute(TestNGXmlTestSuite.java:71)
	at org.apache.maven.surefire.testng.TestNGProvider.invoke(TestNGProvider.java:113)
	at org.apache.maven.surefire.booter.ForkedBooter.runSuitesInProcess(ForkedBooter.java:385)
	at org.apache.maven.surefire.booter.ForkedBooter.execute(ForkedBooter.java:162)
	at org.apache.maven.surefire.booter.ForkedBooter.run(ForkedBooter.java:507)
	at org.apache.maven.surefire.booter.ForkedBooter.main(ForkedBooter.java:495)
</pre></div></td>
<td>0</td>
<td>com.mlx.api.tests.MLXCreateOrderTest@7357a011</td></tr>
<tr>
<td title='com.mlx.api.tests.MLXCreateOrderTest.testCreateOrderWithoutFacilityAccount()'><b>testCreateOrderWithoutFacilityAccount</b><br>Test class: com.mlx.api.tests.MLXCreateOrderTest<br>Test method: Missing Facility Account Number - Negative Test</td>
<td><div><pre>java.lang.AssertionError: API should reject request when facility_account_number is missing expected [true] but found [false]
	at com.mlx.api.tests.MLXCreateOrderTest.testCreateOrderWithoutFacilityAccount(MLXCreateOrderTest.java:983)
	at java.base/java.util.ArrayList.forEach(ArrayList.java:1604)
... Removed 32 stack frames</pre></div><a href='#' onClick='toggleBox("stack-trace1983766467", this, "Click to show all stack frames", "Click to hide stack frames")'>Click to show all stack frames</a>
<div class='stack-trace' id='stack-trace1983766467'><pre>java.lang.AssertionError: API should reject request when facility_account_number is missing expected [true] but found [false]
	at org.testng.Assert.fail(Assert.java:111)
	at org.testng.Assert.failNotEquals(Assert.java:1578)
	at org.testng.Assert.assertTrue(Assert.java:57)
	at com.mlx.api.tests.MLXCreateOrderTest.testCreateOrderWithoutFacilityAccount(MLXCreateOrderTest.java:983)
	at java.base/jdk.internal.reflect.DirectMethodHandleAccessor.invoke(DirectMethodHandleAccessor.java:104)
	at java.base/java.lang.reflect.Method.invoke(Method.java:565)
	at org.testng.internal.invokers.MethodInvocationHelper.invokeMethod(MethodInvocationHelper.java:139)
	at org.testng.internal.invokers.TestInvoker.invokeMethod(TestInvoker.java:664)
	at org.testng.internal.invokers.TestInvoker.invokeTestMethod(TestInvoker.java:227)
	at org.testng.internal.invokers.MethodRunner.runInSequence(MethodRunner.java:50)
	at org.testng.internal.invokers.TestInvoker$MethodInvocationAgent.invoke(TestInvoker.java:957)
	at org.testng.internal.invokers.TestInvoker.invokeTestMethods(TestInvoker.java:200)
	at org.testng.internal.invokers.TestMethodWorker.invokeTestMethods(TestMethodWorker.java:148)
	at org.testng.internal.invokers.TestMethodWorker.run(TestMethodWorker.java:128)
	at java.base/java.util.ArrayList.forEach(ArrayList.java:1604)
	at org.testng.TestRunner.privateRun(TestRunner.java:848)
	at org.testng.TestRunner.run(TestRunner.java:621)
	at org.testng.SuiteRunner.runTest(SuiteRunner.java:443)
	at org.testng.SuiteRunner.runSequentially(SuiteRunner.java:437)
	at org.testng.SuiteRunner.privateRun(SuiteRunner.java:397)
	at org.testng.SuiteRunner.run(SuiteRunner.java:336)
	at org.testng.SuiteRunnerWorker.runSuite(SuiteRunnerWorker.java:52)
	at org.testng.SuiteRunnerWorker.run(SuiteRunnerWorker.java:95)
	at org.testng.TestNG.runSuitesSequentially(TestNG.java:1280)
	at org.testng.TestNG.runSuitesLocally(TestNG.java:1200)
	at org.testng.TestNG.runSuites(TestNG.java:1114)
	at org.testng.TestNG.run(TestNG.java:1082)
	at org.apache.maven.surefire.testng.TestNGExecutor.run(TestNGExecutor.java:308)
	at org.apache.maven.surefire.testng.TestNGXmlTestSuite.execute(TestNGXmlTestSuite.java:71)
	at org.apache.maven.surefire.testng.TestNGProvider.invoke(TestNGProvider.java:113)
	at org.apache.maven.surefire.booter.ForkedBooter.runSuitesInProcess(ForkedBooter.java:385)
	at org.apache.maven.surefire.booter.ForkedBooter.execute(ForkedBooter.java:162)
	at org.apache.maven.surefire.booter.ForkedBooter.run(ForkedBooter.java:507)
	at org.apache.maven.surefire.booter.ForkedBooter.main(ForkedBooter.java:495)
</pre></div></td>
<td>0</td>
<td>com.mlx.api.tests.MLXCreateOrderTest@7357a011</td></tr>
</table><p>
<table width='100%' border='1' class='invocation-passed'>
<tr><td colspan='4' align='center'><b>PASSED TESTS</b></td></tr>
<tr><td><b>Test method</b></td>
<td><b>Attribute(s)</b></td>
<td width="30%"><b>Exception</b></td>
<td width="10%"><b>Time (seconds)</b></td>
<td><b>Instance</b></td>
</tr>
<tr>
<td title='com.mlx.api.tests.MLXCreateOrderTest.testCreateOrderWithoutTubeData()'><b>testCreateOrderWithoutTubeData</b><br>Test class: com.mlx.api.tests.MLXCreateOrderTest<br>Test method: Missing Tube Data - Negative Test</td>
<td></td>
<td>0</td>
<td>com.mlx.api.tests.MLXCreateOrderTest@7357a011</td></tr>
<tr>
<td title='com.mlx.api.tests.MLXCreateOrderTest.testCreateOrderWithoutServices()'><b>testCreateOrderWithoutServices</b><br>Test class: com.mlx.api.tests.MLXCreateOrderTest<br>Test method: Missing Services - Negative Test</td>
<td></td>
<td>0</td>
<td>com.mlx.api.tests.MLXCreateOrderTest@7357a011</td></tr>
<tr>
<td title='com.mlx.api.tests.MLXCreateOrderTest.testCreateOrderWithoutICD10Codes()'><b>testCreateOrderWithoutICD10Codes</b><br>Test class: com.mlx.api.tests.MLXCreateOrderTest<br>Test method: Missing ICD-10 Codes - Negative Test</td>
<td></td>
<td>0</td>
<td>com.mlx.api.tests.MLXCreateOrderTest@7357a011</td></tr>
<tr>
<td title='com.mlx.api.tests.MLXCreateOrderTest.testCreateOrderWithoutPatientData()'><b>testCreateOrderWithoutPatientData</b><br>Test class: com.mlx.api.tests.MLXCreateOrderTest<br>Test method: Missing Patient Data - Negative Test</td>
<td></td>
<td>0</td>
<td>com.mlx.api.tests.MLXCreateOrderTest@7357a011</td></tr>
<tr>
<td title='com.mlx.api.tests.MLXCreateOrderTest.testCreateOrderWithInvalidICD10()'><b>testCreateOrderWithInvalidICD10</b><br>Test class: com.mlx.api.tests.MLXCreateOrderTest<br>Test method: Create Order - Invalid ICD-10 Codes (Negative Test)</td>
<td></td>
<td>0</td>
<td>com.mlx.api.tests.MLXCreateOrderTest@7357a011</td></tr>
<tr>
<td title='com.mlx.api.tests.MLXCreateOrderTest.testCreateStandingOrderWithValidData()'><b>testCreateStandingOrderWithValidData</b><br>Test class: com.mlx.api.tests.MLXCreateOrderTest<br>Test method: Create Standing Order - Valid Data</td>
<td></td>
<td>1</td>
<td>com.mlx.api.tests.MLXCreateOrderTest@7357a011</td></tr>
<tr>
<td title='com.mlx.api.tests.MLXCreateOrderTest.testCreateOrderWithoutOrderCodes()'><b>testCreateOrderWithoutOrderCodes</b><br>Test class: com.mlx.api.tests.MLXCreateOrderTest<br>Test method: Missing Order Codes - Negative Test</td>
<td></td>
<td>0</td>
<td>com.mlx.api.tests.MLXCreateOrderTest@7357a011</td></tr>
<tr>
<td title='com.mlx.api.tests.MLXCreateOrderTest.testCreateOrderWithoutBillingType()'><b>testCreateOrderWithoutBillingType</b><br>Test class: com.mlx.api.tests.MLXCreateOrderTest<br>Test method: Missing Billing Type - Negative Test</td>
<td></td>
<td>0</td>
<td>com.mlx.api.tests.MLXCreateOrderTest@7357a011</td></tr>
<tr>
<td title='com.mlx.api.tests.MLXCreateOrderTest.testCreateOrderWithInvalidNPI()'><b>testCreateOrderWithInvalidNPI</b><br>Test class: com.mlx.api.tests.MLXCreateOrderTest<br>Test method: Create Order - Invalid Physician NPI (Negative Test)</td>
<td></td>
<td>0</td>
<td>com.mlx.api.tests.MLXCreateOrderTest@7357a011</td></tr>
<tr>
<td title='com.mlx.api.tests.MLXCreateOrderTest.testCreateOrderWithoutDateOfService()'><b>testCreateOrderWithoutDateOfService</b><br>Test class: com.mlx.api.tests.MLXCreateOrderTest<br>Test method: Missing Date of Service - Negative Test</td>
<td></td>
<td>0</td>
<td>com.mlx.api.tests.MLXCreateOrderTest@7357a011</td></tr>
<tr>
<td title='com.mlx.api.tests.MLXCreateOrderTest.testCreateOrderWithInvalidDateFormat()'><b>testCreateOrderWithInvalidDateFormat</b><br>Test class: com.mlx.api.tests.MLXCreateOrderTest<br>Test method: Create Order - Invalid Date Format</td>
<td></td>
<td>0</td>
<td>com.mlx.api.tests.MLXCreateOrderTest@7357a011</td></tr>
<tr>
<td title='com.mlx.api.tests.MLXCreateOrderTest.testCreateOrderWithInvalidFacility()'><b>testCreateOrderWithInvalidFacility</b><br>Test class: com.mlx.api.tests.MLXCreateOrderTest<br>Test method: Create Order - Invalid Facility Account (Negative Test)</td>
<td></td>
<td>0</td>
<td>com.mlx.api.tests.MLXCreateOrderTest@7357a011</td></tr>
<tr>
<td title='com.mlx.api.tests.MLXCreateOrderTest.testCreateOrderWithInvalidAuthToken()'><b>testCreateOrderWithInvalidAuthToken</b><br>Test class: com.mlx.api.tests.MLXCreateOrderTest<br>Test method: Create Order - Invalid Auth Token</td>
<td></td>
<td>0</td>
<td>com.mlx.api.tests.MLXCreateOrderTest@7357a011</td></tr>
<tr>
<td title='com.mlx.api.tests.MLXCreateOrderTest.testCreateOrderWithMissingRequiredFields()'><b>testCreateOrderWithMissingRequiredFields</b><br>Test class: com.mlx.api.tests.MLXCreateOrderTest<br>Test method: Create Order - Missing Required Fields</td>
<td></td>
<td>0</td>
<td>com.mlx.api.tests.MLXCreateOrderTest@7357a011</td></tr>
<tr>
<td title='com.mlx.api.tests.MLXCreateOrderTest.testCreateOrderWithFarFutureDate()'><b>testCreateOrderWithFarFutureDate</b><br>Test class: com.mlx.api.tests.MLXCreateOrderTest<br>Test method: Create Order - Future Date Beyond Range (Negative Test)</td>
<td></td>
<td>0</td>
<td>com.mlx.api.tests.MLXCreateOrderTest@7357a011</td></tr>
</table><p>
</body>
</html>